2018-07-28 00:31:42,467 - Log4JLogChute initialized using file '/home/mustafa/Masa端st端/BlogJsf/.metadata/.plugins/org.jboss.tools.jst.web.ui/velocity.log'
2018-07-28 00:31:42,467 - Starting Apache Velocity v1.5 (compiled: 2007-02-22 08:52:29)
2018-07-28 00:31:42,467 - Default Properties File: org/apache/velocity/runtime/defaults/velocity.properties
2018-07-28 00:31:42,467 - Trying to use logger class org.apache.velocity.runtime.log.AvalonLogChute
2018-07-28 00:31:42,468 - Couldn't find class org.apache.velocity.runtime.log.AvalonLogChute or necessary supporting classes in classpath.
java.lang.NoClassDefFoundError: org/apache/log/format/Formatter
	at java.base/java.lang.Class.forName0(Native Method)
	at java.base/java.lang.Class.forName(Class.java:374)
	at org.apache.velocity.util.ClassUtils.getClass(ClassUtils.java:63)
	at org.apache.velocity.util.ClassUtils.getNewInstance(ClassUtils.java:95)
	at org.apache.velocity.runtime.log.LogManager.createLogChute(LogManager.java:147)
	at org.apache.velocity.runtime.log.LogManager.updateLog(LogManager.java:208)
	at org.apache.velocity.runtime.RuntimeInstance.initializeLog(RuntimeInstance.java:728)
	at org.apache.velocity.runtime.RuntimeInstance.init(RuntimeInstance.java:240)
	at org.apache.velocity.runtime.RuntimeInstance.init(RuntimeInstance.java:534)
	at org.apache.velocity.runtime.RuntimeSingleton.init(RuntimeSingleton.java:227)
	at org.apache.velocity.app.Velocity.init(Velocity.java:111)
	at org.jboss.tools.jst.web.ui.operation.TemplatePreprocessor.process(TemplatePreprocessor.java:79)
	at org.jboss.tools.jst.web.ui.operation.TemplatePreprocessor.execute(TemplatePreprocessor.java:58)
	at org.jboss.tools.jst.web.ui.operation.WebNatureOperation.preprocessTemplate(WebNatureOperation.java:628)
	at org.jboss.tools.jsf.ui.operation.JSFProjectCreationOperation.copyTemplate(JSFProjectCreationOperation.java:134)
	at org.jboss.tools.jst.web.ui.operation.WebProjectCreationOperation.preCreateWebNature(WebProjectCreationOperation.java:76)
	at org.jboss.tools.jst.web.ui.operation.WebNatureOperation.run(WebNatureOperation.java:223)
	at org.eclipse.ui.actions.WorkspaceModifyDelegatingOperation.execute(WorkspaceModifyDelegatingOperation.java:68)
	at org.eclipse.ui.actions.WorkspaceModifyOperation.lambda$0(WorkspaceModifyOperation.java:107)
	at org.eclipse.core.internal.resources.Workspace.run(Workspace.java:2289)
	at org.eclipse.core.internal.resources.Workspace.run(Workspace.java:2316)
	at org.eclipse.ui.actions.WorkspaceModifyOperation.run(WorkspaceModifyOperation.java:128)
	at org.eclipse.jface.operation.ModalContext$ModalContextThread.run(ModalContext.java:119)
Caused by: java.lang.ClassNotFoundException: org.apache.log.format.Formatter cannot be found by org.apache.velocity_1.5.0.v200905192330
	at org.eclipse.osgi.internal.loader.BundleLoader.findClassInternal(BundleLoader.java:508)
	at org.eclipse.osgi.internal.loader.BundleLoader.findClass(BundleLoader.java:419)
	at org.eclipse.osgi.internal.loader.BundleLoader.findClass(BundleLoader.java:411)
	at org.eclipse.osgi.internal.loader.ModuleClassLoader.loadClass(ModuleClassLoader.java:150)
	at java.base/java.lang.ClassLoader.loadClass(ClassLoader.java:499)
	... 23 more
2018-07-28 00:31:42,468 - Trying to use logger class org.apache.velocity.runtime.log.Log4JLogChute
2018-07-28 00:31:42,468 - Using logger class org.apache.velocity.runtime.log.Log4JLogChute
2018-07-28 00:31:42,470 - Default ResourceManager initializing. (class org.apache.velocity.runtime.resource.ResourceManagerImpl)
2018-07-28 00:31:42,473 - ResourceLoader instantiated: org.apache.velocity.runtime.resource.loader.FileResourceLoader
2018-07-28 00:31:42,474 - Do unicode file recognition:  false
2018-07-28 00:31:42,474 - FileResourceLoader : adding path '/home/mustafa/Masa端st端/BlogJsf/.metadata/.plugins/org.jboss.tools.common.projecttemplates/templates/jsf-2.0/JSFBlankWithLibs'
2018-07-28 00:31:42,481 - ResourceCache: initialized (class org.apache.velocity.runtime.resource.ResourceCacheImpl)
2018-07-28 00:31:42,482 - Loaded System Directive: org.apache.velocity.runtime.directive.Literal
2018-07-28 00:31:42,483 - Loaded System Directive: org.apache.velocity.runtime.directive.Macro
2018-07-28 00:31:42,484 - Loaded System Directive: org.apache.velocity.runtime.directive.Parse
2018-07-28 00:31:42,485 - Loaded System Directive: org.apache.velocity.runtime.directive.Include
2018-07-28 00:31:42,485 - Loaded System Directive: org.apache.velocity.runtime.directive.Foreach
2018-07-28 00:31:42,505 - Created '20' parsers.
2018-07-28 00:31:42,508 - Velocimacro : "velocimacro.library" is not set.  Trying default library: VM_global_library.vm
2018-07-28 00:31:42,508 - Velocimacro : Default library not found.
2018-07-28 00:31:42,508 - Velocimacro : allowInline = true : VMs can be defined inline in templates
2018-07-28 00:31:42,508 - Velocimacro : allowInlineToOverride = false : VMs defined inline may NOT replace previous VM definitions
2018-07-28 00:31:42,508 - Velocimacro : allowInlineLocal = false : VMs defined inline will be global in scope if allowed.
2018-07-28 00:31:42,508 - Velocimacro : autoload off : VM system will not automatically reload global library macros
2018-07-28 00:31:42,520 - Null reference [template '', line 29, column 17] : ${project.name} cannot be resolved.
