
Tem 28, 2018 01:02:47.53 NEW SESSION
Tem 28, 2018 01:02:47.53 [1:1:0728/010247.534584:ERROR:text_encoding_registry.cc(138)] alias ISO-8859-8-I maps to ISO-8859-8-I already, but someone is trying to make it map to ISO-8859-8
Tem 28, 2018 01:02:47.53 [1:1:0728/010247.535181:ERROR:text_encoding_registry.cc(138)] alias ISO-8859-8-I maps to ISO-8859-8-I already, but someone is trying to make it map to ISO-8859-8
Tem 28, 2018 01:03:26.17 [1:1:0728/010326.174232:ERROR:text_encoding_registry.cc(138)] alias ISO-8859-8-I maps to ISO-8859-8-I already, but someone is trying to make it map to ISO-8859-8
Tem 28, 2018 01:03:26.17 [1:1:0728/010326.178490:ERROR:text_encoding_registry.cc(138)] alias ISO-8859-8-I maps to ISO-8859-8-I already, but someone is trying to make it map to ISO-8859-8
Tem 28, 2018 01:03:57.67 [1:1:0728/010357.672391:ERROR:text_encoding_registry.cc(138)] alias ISO-8859-8-I maps to ISO-8859-8-I already, but someone is trying to make it map to ISO-8859-8
Tem 28, 2018 01:03:57.67 [1:1:0728/010357.676743:ERROR:text_encoding_registry.cc(138)] alias ISO-8859-8-I maps to ISO-8859-8-I already, but someone is trying to make it map to ISO-8859-8
Tem 28, 2018 01:04:25.27 [18918:18918:0728/010425.274192:ERROR:in_progress_cache_impl.cc(188)] Cache is not initialized, cannot RetrieveEntry.
Tem 28, 2018 01:04:25.31 [1:1:0728/010425.318886:ERROR:text_encoding_registry.cc(138)] alias ISO-8859-8-I maps to ISO-8859-8-I already, but someone is trying to make it map to ISO-8859-8
Tem 28, 2018 01:04:25.32 [1:1:0728/010425.324688:ERROR:text_encoding_registry.cc(138)] alias ISO-8859-8-I maps to ISO-8859-8-I already, but someone is trying to make it map to ISO-8859-8
Tem 28, 2018 01:05:03.92 [1:1:0728/010503.925752:ERROR:text_encoding_registry.cc(138)] alias ISO-8859-8-I maps to ISO-8859-8-I already, but someone is trying to make it map to ISO-8859-8
Tem 28, 2018 01:05:03.93 [1:1:0728/010503.935982:ERROR:text_encoding_registry.cc(138)] alias ISO-8859-8-I maps to ISO-8859-8-I already, but someone is trying to make it map to ISO-8859-8
Tem 28, 2018 01:06:32.78 [1:1:0728/010632.783081:ERROR:text_encoding_registry.cc(138)] alias ISO-8859-8-I maps to ISO-8859-8-I already, but someone is trying to make it map to ISO-8859-8
Tem 28, 2018 01:06:32.78 [1:1:0728/010632.789797:ERROR:text_encoding_registry.cc(138)] alias ISO-8859-8-I maps to ISO-8859-8-I already, but someone is trying to make it map to ISO-8859-8
Tem 28, 2018 01:39:46.11 [1:1:0728/013946.116582:ERROR:text_encoding_registry.cc(138)] alias ISO-8859-8-I maps to ISO-8859-8-I already, but someone is trying to make it map to ISO-8859-8
Tem 28, 2018 01:39:46.12 [1:1:0728/013946.123889:ERROR:text_encoding_registry.cc(138)] alias ISO-8859-8-I maps to ISO-8859-8-I already, but someone is trying to make it map to ISO-8859-8
Tem 28, 2018 01:40:28.11 [1:1:0728/014028.113693:ERROR:text_encoding_registry.cc(138)] alias ISO-8859-8-I maps to ISO-8859-8-I already, but someone is trying to make it map to ISO-8859-8
Tem 28, 2018 01:40:28.11 [1:1:0728/014028.119808:ERROR:text_encoding_registry.cc(138)] alias ISO-8859-8-I maps to ISO-8859-8-I already, but someone is trying to make it map to ISO-8859-8
Tem 28, 2018 01:40:51.50 [22226:22226:0728/014051.508776:ERROR:in_progress_cache_impl.cc(188)] Cache is not initialized, cannot RetrieveEntry.
Tem 28, 2018 01:40:51.59 [1:1:0728/014051.595754:ERROR:text_encoding_registry.cc(138)] alias ISO-8859-8-I maps to ISO-8859-8-I already, but someone is trying to make it map to ISO-8859-8
Tem 28, 2018 01:40:51.60 [1:1:0728/014051.604328:ERROR:text_encoding_registry.cc(138)] alias ISO-8859-8-I maps to ISO-8859-8-I already, but someone is trying to make it map to ISO-8859-8
Tem 28, 2018 01:41:12.26 [1:1:0728/014112.264236:ERROR:text_encoding_registry.cc(138)] alias ISO-8859-8-I maps to ISO-8859-8-I already, but someone is trying to make it map to ISO-8859-8
Tem 28, 2018 01:41:12.27 [1:1:0728/014112.272855:ERROR:text_encoding_registry.cc(138)] alias ISO-8859-8-I maps to ISO-8859-8-I already, but someone is trying to make it map to ISO-8859-8
Tem 28, 2018 01:42:05.09 [1:1:0728/014205.096847:ERROR:text_encoding_registry.cc(138)] alias ISO-8859-8-I maps to ISO-8859-8-I already, but someone is trying to make it map to ISO-8859-8
Tem 28, 2018 01:42:05.10 [1:1:0728/014205.100161:ERROR:text_encoding_registry.cc(138)] alias ISO-8859-8-I maps to ISO-8859-8-I already, but someone is trying to make it map to ISO-8859-8
Tem 28, 2018 01:42:39.76 [1:1:0728/014239.765605:ERROR:text_encoding_registry.cc(138)] alias ISO-8859-8-I maps to ISO-8859-8-I already, but someone is trying to make it map to ISO-8859-8
Tem 28, 2018 01:42:39.77 [1:1:0728/014239.776305:ERROR:text_encoding_registry.cc(138)] alias ISO-8859-8-I maps to ISO-8859-8-I already, but someone is trying to make it map to ISO-8859-8
Tem 28, 2018 01:42:46.72 [23411:23411:0728/014246.728675:ERROR:in_progress_cache_impl.cc(188)] Cache is not initialized, cannot RetrieveEntry.
Tem 28, 2018 01:42:46.77 [1:1:0728/014246.779073:ERROR:text_encoding_registry.cc(138)] alias ISO-8859-8-I maps to ISO-8859-8-I already, but someone is trying to make it map to ISO-8859-8
Tem 28, 2018 01:42:46.79 [1:1:0728/014246.798312:ERROR:text_encoding_registry.cc(138)] alias ISO-8859-8-I maps to ISO-8859-8-I already, but someone is trying to make it map to ISO-8859-8
Tem 28, 2018 01:43:48.77 [1:1:0728/014348.778377:ERROR:text_encoding_registry.cc(138)] alias ISO-8859-8-I maps to ISO-8859-8-I already, but someone is trying to make it map to ISO-8859-8
Tem 28, 2018 01:43:48.78 [1:1:0728/014348.783515:ERROR:text_encoding_registry.cc(138)] alias ISO-8859-8-I maps to ISO-8859-8-I already, but someone is trying to make it map to ISO-8859-8
Tem 28, 2018 01:46:38.77 [1:1:0728/014638.771191:ERROR:text_encoding_registry.cc(138)] alias ISO-8859-8-I maps to ISO-8859-8-I already, but someone is trying to make it map to ISO-8859-8
Tem 28, 2018 01:46:38.77 [1:1:0728/014638.778603:ERROR:text_encoding_registry.cc(138)] alias ISO-8859-8-I maps to ISO-8859-8-I already, but someone is trying to make it map to ISO-8859-8
Tem 28, 2018 01:51:44.43 [24806:24806:0728/015144.439683:ERROR:in_progress_cache_impl.cc(188)] Cache is not initialized, cannot RetrieveEntry.
Tem 28, 2018 01:51:44.49 [1:1:0728/015144.492304:ERROR:text_encoding_registry.cc(138)] alias ISO-8859-8-I maps to ISO-8859-8-I already, but someone is trying to make it map to ISO-8859-8
Tem 28, 2018 01:51:44.49 [1:1:0728/015144.497634:ERROR:text_encoding_registry.cc(138)] alias ISO-8859-8-I maps to ISO-8859-8-I already, but someone is trying to make it map to ISO-8859-8
Tem 28, 2018 02:09:49.26 [1:1:0728/020949.266196:ERROR:text_encoding_registry.cc(138)] alias ISO-8859-8-I maps to ISO-8859-8-I already, but someone is trying to make it map to ISO-8859-8
Tem 28, 2018 02:09:49.27 [1:1:0728/020949.274018:ERROR:text_encoding_registry.cc(138)] alias ISO-8859-8-I maps to ISO-8859-8-I already, but someone is trying to make it map to ISO-8859-8
Tem 28, 2018 02:10:54.63 [1:1:0728/021054.632153:ERROR:text_encoding_registry.cc(138)] alias ISO-8859-8-I maps to ISO-8859-8-I already, but someone is trying to make it map to ISO-8859-8
Tem 28, 2018 02:10:54.63 [1:1:0728/021054.639383:ERROR:text_encoding_registry.cc(138)] alias ISO-8859-8-I maps to ISO-8859-8-I already, but someone is trying to make it map to ISO-8859-8
Tem 28, 2018 02:11:09.98 [1:1:0728/021109.985697:ERROR:text_encoding_registry.cc(138)] alias ISO-8859-8-I maps to ISO-8859-8-I already, but someone is trying to make it map to ISO-8859-8
Tem 28, 2018 02:11:09.99 [1:1:0728/021109.989487:ERROR:text_encoding_registry.cc(138)] alias ISO-8859-8-I maps to ISO-8859-8-I already, but someone is trying to make it map to ISO-8859-8
Tem 28, 2018 02:11:28.81 [1:1:0728/021128.812381:ERROR:text_encoding_registry.cc(138)] alias ISO-8859-8-I maps to ISO-8859-8-I already, but someone is trying to make it map to ISO-8859-8
Tem 28, 2018 02:11:28.82 [1:1:0728/021128.828429:ERROR:text_encoding_registry.cc(138)] alias ISO-8859-8-I maps to ISO-8859-8-I already, but someone is trying to make it map to ISO-8859-8
Tem 28, 2018 02:11:50.24 [1:1:0728/021150.240711:ERROR:text_encoding_registry.cc(138)] alias ISO-8859-8-I maps to ISO-8859-8-I already, but someone is trying to make it map to ISO-8859-8
Tem 28, 2018 02:11:50.24 [1:1:0728/021150.248397:ERROR:text_encoding_registry.cc(138)] alias ISO-8859-8-I maps to ISO-8859-8-I already, but someone is trying to make it map to ISO-8859-8
Tem 28, 2018 02:12:00.47 [1:1:0728/021200.474406:ERROR:text_encoding_registry.cc(138)] alias ISO-8859-8-I maps to ISO-8859-8-I already, but someone is trying to make it map to ISO-8859-8
Tem 28, 2018 02:12:00.48 [1:1:0728/021200.483771:ERROR:text_encoding_registry.cc(138)] alias ISO-8859-8-I maps to ISO-8859-8-I already, but someone is trying to make it map to ISO-8859-8
Tem 28, 2018 02:19:03.15 [1:1:0728/021903.151784:ERROR:text_encoding_registry.cc(138)] alias ISO-8859-8-I maps to ISO-8859-8-I already, but someone is trying to make it map to ISO-8859-8
Tem 28, 2018 02:19:03.15 [1:1:0728/021903.154909:ERROR:text_encoding_registry.cc(138)] alias ISO-8859-8-I maps to ISO-8859-8-I already, but someone is trying to make it map to ISO-8859-8
Tem 28, 2018 02:19:43.49 [1:1:0728/021943.497168:ERROR:text_encoding_registry.cc(138)] alias ISO-8859-8-I maps to ISO-8859-8-I already, but someone is trying to make it map to ISO-8859-8
Tem 28, 2018 02:19:43.49 [1:1:0728/021943.496501:ERROR:text_encoding_registry.cc(138)] alias ISO-8859-8-I maps to ISO-8859-8-I already, but someone is trying to make it map to ISO-8859-8
Tem 28, 2018 02:20:39.01 [1:1:0728/022039.012741:ERROR:text_encoding_registry.cc(138)] alias ISO-8859-8-I maps to ISO-8859-8-I already, but someone is trying to make it map to ISO-8859-8
Tem 28, 2018 02:20:39.02 [1:1:0728/022039.025430:ERROR:text_encoding_registry.cc(138)] alias ISO-8859-8-I maps to ISO-8859-8-I already, but someone is trying to make it map to ISO-8859-8
Tem 28, 2018 02:21:16.89 [1:1:0728/022116.891648:ERROR:text_encoding_registry.cc(138)] alias ISO-8859-8-I maps to ISO-8859-8-I already, but someone is trying to make it map to ISO-8859-8
Tem 28, 2018 02:21:16.89 [1:1:0728/022116.897270:ERROR:text_encoding_registry.cc(138)] alias ISO-8859-8-I maps to ISO-8859-8-I already, but someone is trying to make it map to ISO-8859-8
Tem 28, 2018 02:22:44.49 [1:1:0728/022244.498595:ERROR:text_encoding_registry.cc(138)] alias ISO-8859-8-I maps to ISO-8859-8-I already, but someone is trying to make it map to ISO-8859-8
Tem 28, 2018 02:22:44.50 [1:1:0728/022244.505359:ERROR:text_encoding_registry.cc(138)] alias ISO-8859-8-I maps to ISO-8859-8-I already, but someone is trying to make it map to ISO-8859-8
Tem 28, 2018 02:23:01.03 [1:1:0728/022301.033396:ERROR:text_encoding_registry.cc(138)] alias ISO-8859-8-I maps to ISO-8859-8-I already, but someone is trying to make it map to ISO-8859-8
Tem 28, 2018 02:23:01.03 [1:1:0728/022301.039365:ERROR:text_encoding_registry.cc(138)] alias ISO-8859-8-I maps to ISO-8859-8-I already, but someone is trying to make it map to ISO-8859-8
Tem 28, 2018 02:28:36.74 [1:1:0728/022836.743437:ERROR:text_encoding_registry.cc(138)] alias ISO-8859-8-I maps to ISO-8859-8-I already, but someone is trying to make it map to ISO-8859-8
Tem 28, 2018 02:28:36.75 [1:1:0728/022836.752253:ERROR:text_encoding_registry.cc(138)] alias ISO-8859-8-I maps to ISO-8859-8-I already, but someone is trying to make it map to ISO-8859-8
Tem 28, 2018 02:34:34.21 [1:1:0728/023434.213354:ERROR:text_encoding_registry.cc(138)] alias ISO-8859-8-I maps to ISO-8859-8-I already, but someone is trying to make it map to ISO-8859-8
Tem 28, 2018 02:34:34.21 [1:1:0728/023434.216970:ERROR:text_encoding_registry.cc(138)] alias ISO-8859-8-I maps to ISO-8859-8-I already, but someone is trying to make it map to ISO-8859-8
Tem 28, 2018 02:34:59.96 [1:1:0728/023459.960205:ERROR:text_encoding_registry.cc(138)] alias ISO-8859-8-I maps to ISO-8859-8-I already, but someone is trying to make it map to ISO-8859-8
Tem 28, 2018 02:34:59.96 [1:1:0728/023459.967696:ERROR:text_encoding_registry.cc(138)] alias ISO-8859-8-I maps to ISO-8859-8-I already, but someone is trying to make it map to ISO-8859-8
Tem 28, 2018 02:39:55.06 [1:1:0728/023955.052669:ERROR:text_encoding_registry.cc(138)] alias ISO-8859-8-I maps to ISO-8859-8-I already, but someone is trying to make it map to ISO-8859-8
Tem 28, 2018 02:39:55.16 Mevcut tarayıcı oturumunda yeni pencere oluşturuldu.
Tem 28, 2018 02:40:07.89 [1:1:0728/024007.895768:ERROR:text_encoding_registry.cc(138)] alias ISO-8859-8-I maps to ISO-8859-8-I already, but someone is trying to make it map to ISO-8859-8
Tem 28, 2018 02:40:07.90 [1:1:0728/024007.905536:ERROR:text_encoding_registry.cc(138)] alias ISO-8859-8-I maps to ISO-8859-8-I already, but someone is trying to make it map to ISO-8859-8
Tem 28, 2018 02:40:19.28 [31568:31807:0728/024019.288581:ERROR:get_updates_processor.cc(243)] PostClientToServerMessage() failed during GetUpdates
Tem 28, 2018 02:41:19.23 [1:1:0728/024119.232661:ERROR:text_encoding_registry.cc(138)] alias ISO-8859-8-I maps to ISO-8859-8-I already, but someone is trying to make it map to ISO-8859-8
Tem 28, 2018 02:41:19.23 [1:1:0728/024119.238502:ERROR:text_encoding_registry.cc(138)] alias ISO-8859-8-I maps to ISO-8859-8-I already, but someone is trying to make it map to ISO-8859-8
Tem 28, 2018 02:41:52.80 [1:1:0728/024152.806054:ERROR:text_encoding_registry.cc(138)] alias ISO-8859-8-I maps to ISO-8859-8-I already, but someone is trying to make it map to ISO-8859-8
Tem 28, 2018 02:41:52.81 [1:1:0728/024152.810838:ERROR:text_encoding_registry.cc(138)] alias ISO-8859-8-I maps to ISO-8859-8-I already, but someone is trying to make it map to ISO-8859-8
Tem 28, 2018 02:42:16.55 [1:1:0728/024216.551726:ERROR:text_encoding_registry.cc(138)] alias ISO-8859-8-I maps to ISO-8859-8-I already, but someone is trying to make it map to ISO-8859-8
Tem 28, 2018 02:42:16.56 [1:1:0728/024216.559956:ERROR:text_encoding_registry.cc(138)] alias ISO-8859-8-I maps to ISO-8859-8-I already, but someone is trying to make it map to ISO-8859-8
Tem 28, 2018 02:42:52.18 [515:515:0728/024252.188853:ERROR:in_progress_cache_impl.cc(188)] Cache is not initialized, cannot RetrieveEntry.
Tem 28, 2018 02:42:52.23 [1:1:0728/024252.238051:ERROR:text_encoding_registry.cc(138)] alias ISO-8859-8-I maps to ISO-8859-8-I already, but someone is trying to make it map to ISO-8859-8
Tem 28, 2018 02:42:52.24 [1:1:0728/024252.243120:ERROR:text_encoding_registry.cc(138)] alias ISO-8859-8-I maps to ISO-8859-8-I already, but someone is trying to make it map to ISO-8859-8
Tem 28, 2018 02:45:24.18 [1:1:0728/024524.184071:ERROR:text_encoding_registry.cc(138)] alias ISO-8859-8-I maps to ISO-8859-8-I already, but someone is trying to make it map to ISO-8859-8
Tem 28, 2018 02:45:24.18 [1:1:0728/024524.186553:ERROR:text_encoding_registry.cc(138)] alias ISO-8859-8-I maps to ISO-8859-8-I already, but someone is trying to make it map to ISO-8859-8
Tem 28, 2018 07:33:01.85 [1:1:0728/073301.857259:ERROR:text_encoding_registry.cc(138)] alias ISO-8859-8-I maps to ISO-8859-8-I already, but someone is trying to make it map to ISO-8859-8
Tem 28, 2018 07:33:01.86 [1:1:0728/073301.865484:ERROR:text_encoding_registry.cc(138)] alias ISO-8859-8-I maps to ISO-8859-8-I already, but someone is trying to make it map to ISO-8859-8
Tem 28, 2018 07:40:49.53 [5086:5086:0728/074049.535953:ERROR:in_progress_cache_impl.cc(188)] Cache is not initialized, cannot RetrieveEntry.
Tem 28, 2018 07:40:49.61 [1:1:0728/074049.615837:ERROR:text_encoding_registry.cc(138)] alias ISO-8859-8-I maps to ISO-8859-8-I already, but someone is trying to make it map to ISO-8859-8
Tem 28, 2018 07:40:49.61 [1:1:0728/074049.615968:ERROR:text_encoding_registry.cc(138)] alias ISO-8859-8-I maps to ISO-8859-8-I already, but someone is trying to make it map to ISO-8859-8
Tem 28, 2018 07:41:37.76 [1:1:0728/074137.765561:ERROR:text_encoding_registry.cc(138)] alias ISO-8859-8-I maps to ISO-8859-8-I already, but someone is trying to make it map to ISO-8859-8
Tem 28, 2018 07:41:37.76 [1:1:0728/074137.768022:ERROR:text_encoding_registry.cc(138)] alias ISO-8859-8-I maps to ISO-8859-8-I already, but someone is trying to make it map to ISO-8859-8
Tem 28, 2018 07:41:45.57 [1:1:0728/074145.572983:ERROR:text_encoding_registry.cc(138)] alias ISO-8859-8-I maps to ISO-8859-8-I already, but someone is trying to make it map to ISO-8859-8
Tem 28, 2018 07:41:45.57 [1:1:0728/074145.575924:ERROR:text_encoding_registry.cc(138)] alias ISO-8859-8-I maps to ISO-8859-8-I already, but someone is trying to make it map to ISO-8859-8
Tem 28, 2018 07:42:27.16 [6039:6039:0728/074227.160084:ERROR:in_progress_cache_impl.cc(188)] Cache is not initialized, cannot RetrieveEntry.
Tem 28, 2018 07:42:27.24 [1:1:0728/074227.244397:ERROR:text_encoding_registry.cc(138)] alias ISO-8859-8-I maps to ISO-8859-8-I already, but someone is trying to make it map to ISO-8859-8
Tem 28, 2018 07:42:27.24 [1:1:0728/074227.246376:ERROR:text_encoding_registry.cc(138)] alias ISO-8859-8-I maps to ISO-8859-8-I already, but someone is trying to make it map to ISO-8859-8
Tem 28, 2018 07:45:15.13 [1:1:0728/074515.134817:ERROR:text_encoding_registry.cc(138)] alias ISO-8859-8-I maps to ISO-8859-8-I already, but someone is trying to make it map to ISO-8859-8
Tem 28, 2018 07:45:15.14 [1:1:0728/074515.147597:ERROR:text_encoding_registry.cc(138)] alias ISO-8859-8-I maps to ISO-8859-8-I already, but someone is trying to make it map to ISO-8859-8
Tem 28, 2018 07:45:49.57 [1:1:0728/074549.578623:ERROR:text_encoding_registry.cc(138)] alias ISO-8859-8-I maps to ISO-8859-8-I already, but someone is trying to make it map to ISO-8859-8
Tem 28, 2018 07:45:49.58 [1:1:0728/074549.583902:ERROR:text_encoding_registry.cc(138)] alias ISO-8859-8-I maps to ISO-8859-8-I already, but someone is trying to make it map to ISO-8859-8
Tem 28, 2018 07:46:23.30 [1:1:0728/074623.301654:ERROR:text_encoding_registry.cc(138)] alias ISO-8859-8-I maps to ISO-8859-8-I already, but someone is trying to make it map to ISO-8859-8
Tem 28, 2018 07:46:23.30 [1:1:0728/074623.303337:ERROR:text_encoding_registry.cc(138)] alias ISO-8859-8-I maps to ISO-8859-8-I already, but someone is trying to make it map to ISO-8859-8
Tem 28, 2018 07:47:00.50 [1:1:0728/074700.501483:ERROR:text_encoding_registry.cc(138)] alias ISO-8859-8-I maps to ISO-8859-8-I already, but someone is trying to make it map to ISO-8859-8
Tem 28, 2018 07:47:00.51 [1:1:0728/074700.514695:ERROR:text_encoding_registry.cc(138)] alias ISO-8859-8-I maps to ISO-8859-8-I already, but someone is trying to make it map to ISO-8859-8
Tem 28, 2018 07:47:44.69 [1:1:0728/074744.686784:ERROR:text_encoding_registry.cc(138)] alias ISO-8859-8-I maps to ISO-8859-8-I already, but someone is trying to make it map to ISO-8859-8
Tem 28, 2018 07:47:44.72 [1:1:0728/074744.687723:ERROR:text_encoding_registry.cc(138)] alias ISO-8859-8-I maps to ISO-8859-8-I already, but someone is trying to make it map to ISO-8859-8
Tem 28, 2018 07:48:23.54 [1:1:0728/074823.541783:ERROR:text_encoding_registry.cc(138)] alias ISO-8859-8-I maps to ISO-8859-8-I already, but someone is trying to make it map to ISO-8859-8
Tem 28, 2018 07:48:23.54 [1:1:0728/074823.544055:ERROR:text_encoding_registry.cc(138)] alias ISO-8859-8-I maps to ISO-8859-8-I already, but someone is trying to make it map to ISO-8859-8
Tem 28, 2018 07:50:18.23 [1:1:0728/075018.232764:ERROR:text_encoding_registry.cc(138)] alias ISO-8859-8-I maps to ISO-8859-8-I already, but someone is trying to make it map to ISO-8859-8
Tem 28, 2018 07:50:18.36 Mevcut tarayıcı oturumunda yeni pencere oluşturuldu.
Tem 28, 2018 07:52:52.44 [1:1:0728/075252.443783:ERROR:text_encoding_registry.cc(138)] alias ISO-8859-8-I maps to ISO-8859-8-I already, but someone is trying to make it map to ISO-8859-8
Tem 28, 2018 07:52:52.45 [1:1:0728/075252.451472:ERROR:text_encoding_registry.cc(138)] alias ISO-8859-8-I maps to ISO-8859-8-I already, but someone is trying to make it map to ISO-8859-8
Tem 28, 2018 07:53:26.80 [9134:9134:0728/075326.801339:ERROR:in_progress_cache_impl.cc(188)] Cache is not initialized, cannot RetrieveEntry.
Tem 28, 2018 07:53:26.88 [1:1:0728/075326.888201:ERROR:text_encoding_registry.cc(138)] alias ISO-8859-8-I maps to ISO-8859-8-I already, but someone is trying to make it map to ISO-8859-8
Tem 28, 2018 07:53:26.89 [1:1:0728/075326.892702:ERROR:text_encoding_registry.cc(138)] alias ISO-8859-8-I maps to ISO-8859-8-I already, but someone is trying to make it map to ISO-8859-8
Tem 28, 2018 07:55:10.86 [9567:9567:0728/075510.868254:ERROR:in_progress_cache_impl.cc(188)] Cache is not initialized, cannot RetrieveEntry.
Tem 28, 2018 07:55:10.92 [1:1:0728/075510.921669:ERROR:text_encoding_registry.cc(138)] alias ISO-8859-8-I maps to ISO-8859-8-I already, but someone is trying to make it map to ISO-8859-8
Tem 28, 2018 07:55:10.92 [1:1:0728/075510.924163:ERROR:text_encoding_registry.cc(138)] alias ISO-8859-8-I maps to ISO-8859-8-I already, but someone is trying to make it map to ISO-8859-8
Tem 28, 2018 07:59:49.61 [1:1:0728/075949.610290:ERROR:text_encoding_registry.cc(138)] alias ISO-8859-8-I maps to ISO-8859-8-I already, but someone is trying to make it map to ISO-8859-8
Tem 28, 2018 07:59:49.61 [1:1:0728/075949.613988:ERROR:text_encoding_registry.cc(138)] alias ISO-8859-8-I maps to ISO-8859-8-I already, but someone is trying to make it map to ISO-8859-8
Tem 28, 2018 13:29:53.23 [1:1:0728/132953.233793:ERROR:text_encoding_registry.cc(138)] alias ISO-8859-8-I maps to ISO-8859-8-I already, but someone is trying to make it map to ISO-8859-8
Tem 28, 2018 13:29:53.29 [1:1:0728/132953.233611:ERROR:text_encoding_registry.cc(138)] alias ISO-8859-8-I maps to ISO-8859-8-I already, but someone is trying to make it map to ISO-8859-8
Tem 28, 2018 13:32:30.00 [1:1:0728/133230.002675:ERROR:text_encoding_registry.cc(138)] alias ISO-8859-8-I maps to ISO-8859-8-I already, but someone is trying to make it map to ISO-8859-8
Tem 28, 2018 13:32:30.00 [1:1:0728/133230.004409:ERROR:text_encoding_registry.cc(138)] alias ISO-8859-8-I maps to ISO-8859-8-I already, but someone is trying to make it map to ISO-8859-8
Tem 28, 2018 13:33:58.68 [1:1:0728/133358.688180:ERROR:text_encoding_registry.cc(138)] alias ISO-8859-8-I maps to ISO-8859-8-I already, but someone is trying to make it map to ISO-8859-8
Tem 28, 2018 13:33:58.69 [1:1:0728/133358.693891:ERROR:text_encoding_registry.cc(138)] alias ISO-8859-8-I maps to ISO-8859-8-I already, but someone is trying to make it map to ISO-8859-8
Tem 28, 2018 13:35:52.44 [1:1:0728/133552.443234:ERROR:text_encoding_registry.cc(138)] alias ISO-8859-8-I maps to ISO-8859-8-I already, but someone is trying to make it map to ISO-8859-8
Tem 28, 2018 13:35:52.45 [1:1:0728/133552.454737:ERROR:text_encoding_registry.cc(138)] alias ISO-8859-8-I maps to ISO-8859-8-I already, but someone is trying to make it map to ISO-8859-8
Tem 28, 2018 13:40:38.26 [1:1:0728/134038.264325:ERROR:text_encoding_registry.cc(138)] alias ISO-8859-8-I maps to ISO-8859-8-I already, but someone is trying to make it map to ISO-8859-8
Tem 28, 2018 13:40:38.27 [1:1:0728/134038.274401:ERROR:text_encoding_registry.cc(138)] alias ISO-8859-8-I maps to ISO-8859-8-I already, but someone is trying to make it map to ISO-8859-8
Tem 28, 2018 13:56:04.73 [1:1:0728/135604.736504:ERROR:text_encoding_registry.cc(138)] alias ISO-8859-8-I maps to ISO-8859-8-I already, but someone is trying to make it map to ISO-8859-8
Tem 28, 2018 13:56:04.84 Mevcut tarayıcı oturumunda yeni pencere oluşturuldu.
Tem 28, 2018 14:02:08.63 [1:1:0728/140208.630465:ERROR:text_encoding_registry.cc(138)] alias ISO-8859-8-I maps to ISO-8859-8-I already, but someone is trying to make it map to ISO-8859-8
Tem 28, 2018 14:02:08.64 [1:1:0728/140208.640128:ERROR:text_encoding_registry.cc(138)] alias ISO-8859-8-I maps to ISO-8859-8-I already, but someone is trying to make it map to ISO-8859-8
Tem 28, 2018 14:02:13.11 [19358:19358:0728/140213.118568:ERROR:buffer_manager.cc(461)] [.DisplayCompositor-0x23aea562ae00]GL ERROR :GL_INVALID_OPERATION : glBufferData: <- error from previous GL command
Tem 28, 2018 14:08:35.49 [1:1:0728/140835.493008:ERROR:text_encoding_registry.cc(138)] alias ISO-8859-8-I maps to ISO-8859-8-I already, but someone is trying to make it map to ISO-8859-8
Tem 28, 2018 14:08:35.50 [1:1:0728/140835.500534:ERROR:text_encoding_registry.cc(138)] alias ISO-8859-8-I maps to ISO-8859-8-I already, but someone is trying to make it map to ISO-8859-8
Tem 28, 2018 14:09:58.29 [1:1:0728/140958.296836:ERROR:text_encoding_registry.cc(138)] alias ISO-8859-8-I maps to ISO-8859-8-I already, but someone is trying to make it map to ISO-8859-8
Tem 28, 2018 14:09:58.30 [1:1:0728/140958.301236:ERROR:text_encoding_registry.cc(138)] alias ISO-8859-8-I maps to ISO-8859-8-I already, but someone is trying to make it map to ISO-8859-8
Tem 28, 2018 14:11:00.90 [1:1:0728/141100.901912:ERROR:text_encoding_registry.cc(138)] alias ISO-8859-8-I maps to ISO-8859-8-I already, but someone is trying to make it map to ISO-8859-8
Tem 28, 2018 14:11:00.90 [1:1:0728/141100.907545:ERROR:text_encoding_registry.cc(138)] alias ISO-8859-8-I maps to ISO-8859-8-I already, but someone is trying to make it map to ISO-8859-8
Tem 28, 2018 14:11:31.42 [1:1:0728/141131.429469:ERROR:text_encoding_registry.cc(138)] alias ISO-8859-8-I maps to ISO-8859-8-I already, but someone is trying to make it map to ISO-8859-8
Tem 28, 2018 14:11:31.43 [1:1:0728/141131.434099:ERROR:text_encoding_registry.cc(138)] alias ISO-8859-8-I maps to ISO-8859-8-I already, but someone is trying to make it map to ISO-8859-8
Tem 28, 2018 14:14:50.43 [1:1:0728/141450.437505:ERROR:text_encoding_registry.cc(138)] alias ISO-8859-8-I maps to ISO-8859-8-I already, but someone is trying to make it map to ISO-8859-8
Tem 28, 2018 14:14:50.43 [1:1:0728/141450.439117:ERROR:text_encoding_registry.cc(138)] alias ISO-8859-8-I maps to ISO-8859-8-I already, but someone is trying to make it map to ISO-8859-8
Tem 28, 2018 14:19:12.83 [1:1:0728/141912.829885:ERROR:text_encoding_registry.cc(138)] alias ISO-8859-8-I maps to ISO-8859-8-I already, but someone is trying to make it map to ISO-8859-8
Tem 28, 2018 14:19:12.83 [1:1:0728/141912.836047:ERROR:text_encoding_registry.cc(138)] alias ISO-8859-8-I maps to ISO-8859-8-I already, but someone is trying to make it map to ISO-8859-8
Tem 28, 2018 14:22:29.67 [1:1:0728/142229.672958:ERROR:text_encoding_registry.cc(138)] alias ISO-8859-8-I maps to ISO-8859-8-I already, but someone is trying to make it map to ISO-8859-8
Tem 28, 2018 14:22:29.67 [1:1:0728/142229.677652:ERROR:text_encoding_registry.cc(138)] alias ISO-8859-8-I maps to ISO-8859-8-I already, but someone is trying to make it map to ISO-8859-8
Tem 28, 2018 14:25:37.27 [1:1:0728/142537.278501:ERROR:text_encoding_registry.cc(138)] alias ISO-8859-8-I maps to ISO-8859-8-I already, but someone is trying to make it map to ISO-8859-8
Tem 28, 2018 14:25:37.63 Mevcut tarayıcı oturumunda yeni pencere oluşturuldu.
Tem 28, 2018 14:26:37.50 [1:1:0728/142637.506707:ERROR:text_encoding_registry.cc(138)] alias ISO-8859-8-I maps to ISO-8859-8-I already, but someone is trying to make it map to ISO-8859-8
Tem 28, 2018 14:26:37.51 [1:1:0728/142637.514903:ERROR:text_encoding_registry.cc(138)] alias ISO-8859-8-I maps to ISO-8859-8-I already, but someone is trying to make it map to ISO-8859-8
Tem 28, 2018 14:29:53.39 [1:1:0728/142953.396663:ERROR:text_encoding_registry.cc(138)] alias ISO-8859-8-I maps to ISO-8859-8-I already, but someone is trying to make it map to ISO-8859-8
Tem 28, 2018 14:29:53.40 [1:1:0728/142953.402447:ERROR:text_encoding_registry.cc(138)] alias ISO-8859-8-I maps to ISO-8859-8-I already, but someone is trying to make it map to ISO-8859-8
Tem 28, 2018 14:31:48.20 [1:1:0728/143148.204606:ERROR:text_encoding_registry.cc(138)] alias ISO-8859-8-I maps to ISO-8859-8-I already, but someone is trying to make it map to ISO-8859-8
Tem 28, 2018 14:31:48.20 [1:1:0728/143148.205286:ERROR:text_encoding_registry.cc(138)] alias ISO-8859-8-I maps to ISO-8859-8-I already, but someone is trying to make it map to ISO-8859-8
Tem 28, 2018 14:35:33.48 [1:1:0728/143533.477965:ERROR:text_encoding_registry.cc(138)] alias ISO-8859-8-I maps to ISO-8859-8-I already, but someone is trying to make it map to ISO-8859-8
Tem 28, 2018 14:35:33.48 [1:1:0728/143533.478319:ERROR:text_encoding_registry.cc(138)] alias ISO-8859-8-I maps to ISO-8859-8-I already, but someone is trying to make it map to ISO-8859-8
Tem 28, 2018 14:35:33.49 [1:1:0728/143533.489871:ERROR:text_encoding_registry.cc(138)] alias ISO-8859-8-I maps to ISO-8859-8-I already, but someone is trying to make it map to ISO-8859-8
Tem 28, 2018 14:35:33.65 Mevcut tarayıcı oturumunda yeni pencere oluşturuldu.
Tem 28, 2018 14:36:36.63 [1:1:0728/143636.634777:ERROR:text_encoding_registry.cc(138)] alias ISO-8859-8-I maps to ISO-8859-8-I already, but someone is trying to make it map to ISO-8859-8
Tem 28, 2018 14:36:36.66 [1:1:0728/143636.660700:ERROR:text_encoding_registry.cc(138)] alias ISO-8859-8-I maps to ISO-8859-8-I already, but someone is trying to make it map to ISO-8859-8
Tem 28, 2018 14:37:39.24 [1:1:0728/143739.240950:ERROR:text_encoding_registry.cc(138)] alias ISO-8859-8-I maps to ISO-8859-8-I already, but someone is trying to make it map to ISO-8859-8
Tem 28, 2018 14:37:39.37 Mevcut tarayıcı oturumunda yeni pencere oluşturuldu.
Tem 28, 2018 14:39:16.79 [1:1:0728/143916.791587:ERROR:text_encoding_registry.cc(138)] alias ISO-8859-8-I maps to ISO-8859-8-I already, but someone is trying to make it map to ISO-8859-8
Tem 28, 2018 14:39:16.94 Mevcut tarayıcı oturumunda yeni pencere oluşturuldu.
Tem 28, 2018 14:39:28.49 [1:1:0728/143928.494364:ERROR:text_encoding_registry.cc(138)] alias ISO-8859-8-I maps to ISO-8859-8-I already, but someone is trying to make it map to ISO-8859-8
Tem 28, 2018 14:39:28.51 [1:1:0728/143928.511684:ERROR:text_encoding_registry.cc(138)] alias ISO-8859-8-I maps to ISO-8859-8-I already, but someone is trying to make it map to ISO-8859-8
Tem 28, 2018 14:42:08.00 [1:1:0728/144208.001216:ERROR:text_encoding_registry.cc(138)] alias ISO-8859-8-I maps to ISO-8859-8-I already, but someone is trying to make it map to ISO-8859-8
Tem 28, 2018 14:42:08.00 [1:1:0728/144208.004585:ERROR:text_encoding_registry.cc(138)] alias ISO-8859-8-I maps to ISO-8859-8-I already, but someone is trying to make it map to ISO-8859-8
Tem 28, 2018 14:42:56.67 [1:1:0728/144256.677948:ERROR:text_encoding_registry.cc(138)] alias ISO-8859-8-I maps to ISO-8859-8-I already, but someone is trying to make it map to ISO-8859-8
Tem 28, 2018 14:42:56.68 [1:1:0728/144256.681866:ERROR:text_encoding_registry.cc(138)] alias ISO-8859-8-I maps to ISO-8859-8-I already, but someone is trying to make it map to ISO-8859-8
Tem 28, 2018 14:43:10.74 [1:1:0728/144310.743046:ERROR:text_encoding_registry.cc(138)] alias ISO-8859-8-I maps to ISO-8859-8-I already, but someone is trying to make it map to ISO-8859-8
Tem 28, 2018 14:43:10.74 [1:1:0728/144310.743067:ERROR:text_encoding_registry.cc(138)] alias ISO-8859-8-I maps to ISO-8859-8-I already, but someone is trying to make it map to ISO-8859-8
Tem 28, 2018 14:44:34.05 [1:1:0728/144434.049898:ERROR:text_encoding_registry.cc(138)] alias ISO-8859-8-I maps to ISO-8859-8-I already, but someone is trying to make it map to ISO-8859-8
Tem 28, 2018 14:44:34.05 [1:1:0728/144434.052019:ERROR:text_encoding_registry.cc(138)] alias ISO-8859-8-I maps to ISO-8859-8-I already, but someone is trying to make it map to ISO-8859-8
Tem 28, 2018 14:47:26.39 [26761:26761:0728/144726.394214:ERROR:buffer_manager.cc(461)] [.DisplayCompositor-0x845f80a5e00]GL ERROR :GL_INVALID_OPERATION : glBufferData: <- error from previous GL command
Tem 28, 2018 15:03:50.77 [1:1:0728/150350.772405:ERROR:text_encoding_registry.cc(138)] alias ISO-8859-8-I maps to ISO-8859-8-I already, but someone is trying to make it map to ISO-8859-8
Tem 28, 2018 15:03:50.89 Mevcut tarayıcı oturumunda yeni pencere oluşturuldu.
Tem 28, 2018 15:07:13.06 [1:1:0728/150713.064765:ERROR:text_encoding_registry.cc(138)] alias ISO-8859-8-I maps to ISO-8859-8-I already, but someone is trying to make it map to ISO-8859-8
Tem 28, 2018 15:07:13.06 [1:1:0728/150713.067219:ERROR:text_encoding_registry.cc(138)] alias ISO-8859-8-I maps to ISO-8859-8-I already, but someone is trying to make it map to ISO-8859-8
Tem 28, 2018 15:07:26.88 [1:1:0728/150726.883611:ERROR:text_encoding_registry.cc(138)] alias ISO-8859-8-I maps to ISO-8859-8-I already, but someone is trying to make it map to ISO-8859-8
Tem 28, 2018 15:07:26.89 [1:1:0728/150726.892568:ERROR:text_encoding_registry.cc(138)] alias ISO-8859-8-I maps to ISO-8859-8-I already, but someone is trying to make it map to ISO-8859-8
Tem 28, 2018 15:07:59.39 [1:1:0728/150759.394665:ERROR:text_encoding_registry.cc(138)] alias ISO-8859-8-I maps to ISO-8859-8-I already, but someone is trying to make it map to ISO-8859-8
Tem 28, 2018 15:07:59.40 [1:1:0728/150759.409635:ERROR:text_encoding_registry.cc(138)] alias ISO-8859-8-I maps to ISO-8859-8-I already, but someone is trying to make it map to ISO-8859-8
Tem 28, 2018 15:18:29.28 [1:1:0728/151829.287360:ERROR:text_encoding_registry.cc(138)] alias ISO-8859-8-I maps to ISO-8859-8-I already, but someone is trying to make it map to ISO-8859-8
Tem 28, 2018 15:18:29.29 [1:1:0728/151829.295801:ERROR:text_encoding_registry.cc(138)] alias ISO-8859-8-I maps to ISO-8859-8-I already, but someone is trying to make it map to ISO-8859-8
Tem 28, 2018 15:26:25.17 [1:1:0728/152625.168876:ERROR:text_encoding_registry.cc(138)] alias ISO-8859-8-I maps to ISO-8859-8-I already, but someone is trying to make it map to ISO-8859-8
Tem 28, 2018 15:26:25.31 Mevcut tarayıcı oturumunda yeni pencere oluşturuldu.
Tem 28, 2018 15:31:47.34 [30251:30251:0728/153147.343010:ERROR:in_progress_cache_impl.cc(188)] Cache is not initialized, cannot RetrieveEntry.
Tem 28, 2018 15:31:47.40 [1:1:0728/153147.403616:ERROR:text_encoding_registry.cc(138)] alias ISO-8859-8-I maps to ISO-8859-8-I already, but someone is trying to make it map to ISO-8859-8
Tem 28, 2018 15:31:47.41 [1:1:0728/153147.419264:ERROR:text_encoding_registry.cc(138)] alias ISO-8859-8-I maps to ISO-8859-8-I already, but someone is trying to make it map to ISO-8859-8
Tem 28, 2018 15:31:56.39 [1:1:0728/153156.396873:ERROR:text_encoding_registry.cc(138)] alias ISO-8859-8-I maps to ISO-8859-8-I already, but someone is trying to make it map to ISO-8859-8
Tem 28, 2018 15:31:56.39 [1:1:0728/153156.398539:ERROR:text_encoding_registry.cc(138)] alias ISO-8859-8-I maps to ISO-8859-8-I already, but someone is trying to make it map to ISO-8859-8
Tem 28, 2018 19:29:42.20 [3131:3131:0728/192942.204660:ERROR:in_progress_cache_impl.cc(188)] Cache is not initialized, cannot RetrieveEntry.
Tem 28, 2018 19:29:42.27 [1:1:0728/192942.276997:ERROR:text_encoding_registry.cc(138)] alias ISO-8859-8-I maps to ISO-8859-8-I already, but someone is trying to make it map to ISO-8859-8
Tem 28, 2018 19:29:42.29 [1:1:0728/192942.289892:ERROR:text_encoding_registry.cc(138)] alias ISO-8859-8-I maps to ISO-8859-8-I already, but someone is trying to make it map to ISO-8859-8
Tem 28, 2018 20:41:03.96 [1:1:0728/204103.960165:ERROR:text_encoding_registry.cc(138)] alias ISO-8859-8-I maps to ISO-8859-8-I already, but someone is trying to make it map to ISO-8859-8
Tem 28, 2018 20:41:03.96 [1:1:0728/204103.964382:ERROR:text_encoding_registry.cc(138)] alias ISO-8859-8-I maps to ISO-8859-8-I already, but someone is trying to make it map to ISO-8859-8
Tem 28, 2018 20:41:56.19 [6389:6389:0728/204156.191898:ERROR:in_progress_cache_impl.cc(188)] Cache is not initialized, cannot RetrieveEntry.
Tem 28, 2018 20:41:56.24 [1:1:0728/204156.246597:ERROR:text_encoding_registry.cc(138)] alias ISO-8859-8-I maps to ISO-8859-8-I already, but someone is trying to make it map to ISO-8859-8
Tem 28, 2018 20:41:56.25 [1:1:0728/204156.250656:ERROR:text_encoding_registry.cc(138)] alias ISO-8859-8-I maps to ISO-8859-8-I already, but someone is trying to make it map to ISO-8859-8
Tem 28, 2018 20:42:58.35 [1:1:0728/204258.352454:ERROR:text_encoding_registry.cc(138)] alias ISO-8859-8-I maps to ISO-8859-8-I already, but someone is trying to make it map to ISO-8859-8
Tem 28, 2018 20:42:58.35 [1:1:0728/204258.353510:ERROR:text_encoding_registry.cc(138)] alias ISO-8859-8-I maps to ISO-8859-8-I already, but someone is trying to make it map to ISO-8859-8
Tem 28, 2018 20:43:07.79 [1:1:0728/204307.797582:ERROR:text_encoding_registry.cc(138)] alias ISO-8859-8-I maps to ISO-8859-8-I already, but someone is trying to make it map to ISO-8859-8
Tem 28, 2018 20:43:07.83 [1:1:0728/204307.826638:ERROR:text_encoding_registry.cc(138)] alias ISO-8859-8-I maps to ISO-8859-8-I already, but someone is trying to make it map to ISO-8859-8
Tem 28, 2018 20:45:14.14 [1:1:0728/204514.147620:ERROR:text_encoding_registry.cc(138)] alias ISO-8859-8-I maps to ISO-8859-8-I already, but someone is trying to make it map to ISO-8859-8
Tem 28, 2018 20:45:14.15 [1:1:0728/204514.151294:ERROR:text_encoding_registry.cc(138)] alias ISO-8859-8-I maps to ISO-8859-8-I already, but someone is trying to make it map to ISO-8859-8
Tem 28, 2018 20:47:07.55 [1:1:0728/204707.551616:ERROR:text_encoding_registry.cc(138)] alias ISO-8859-8-I maps to ISO-8859-8-I already, but someone is trying to make it map to ISO-8859-8
Tem 28, 2018 20:47:07.55 [1:1:0728/204707.554772:ERROR:text_encoding_registry.cc(138)] alias ISO-8859-8-I maps to ISO-8859-8-I already, but someone is trying to make it map to ISO-8859-8

Tem 28, 2018 21:01:52.60 NEW SESSION
Tem 28, 2018 21:01:52.60 [1:1:0728/210152.602854:ERROR:text_encoding_registry.cc(138)] alias ISO-8859-8-I maps to ISO-8859-8-I already, but someone is trying to make it map to ISO-8859-8
Tem 28, 2018 21:01:52.66 [1:1:0728/210152.602857:ERROR:text_encoding_registry.cc(138)] alias ISO-8859-8-I maps to ISO-8859-8-I already, but someone is trying to make it map to ISO-8859-8
Tem 28, 2018 21:02:15.70 [1:1:0728/210215.701124:ERROR:text_encoding_registry.cc(138)] alias ISO-8859-8-I maps to ISO-8859-8-I already, but someone is trying to make it map to ISO-8859-8
Tem 28, 2018 21:02:15.70 [1:1:0728/210215.704459:ERROR:text_encoding_registry.cc(138)] alias ISO-8859-8-I maps to ISO-8859-8-I already, but someone is trying to make it map to ISO-8859-8
Tem 28, 2018 21:03:00.42 [1:1:0728/210300.420353:ERROR:text_encoding_registry.cc(138)] alias ISO-8859-8-I maps to ISO-8859-8-I already, but someone is trying to make it map to ISO-8859-8
Tem 28, 2018 21:03:00.42 [1:1:0728/210300.426842:ERROR:text_encoding_registry.cc(138)] alias ISO-8859-8-I maps to ISO-8859-8-I already, but someone is trying to make it map to ISO-8859-8
Tem 28, 2018 21:07:54.94 [4272:4272:0728/210754.947878:ERROR:in_progress_cache_impl.cc(188)] Cache is not initialized, cannot RetrieveEntry.
Tem 28, 2018 21:07:55.02 [1:1:0728/210755.021667:ERROR:text_encoding_registry.cc(138)] alias ISO-8859-8-I maps to ISO-8859-8-I already, but someone is trying to make it map to ISO-8859-8
Tem 28, 2018 21:07:55.02 [1:1:0728/210755.028078:ERROR:text_encoding_registry.cc(138)] alias ISO-8859-8-I maps to ISO-8859-8-I already, but someone is trying to make it map to ISO-8859-8
Tem 28, 2018 21:23:23.35 [1:1:0728/212323.353417:ERROR:text_encoding_registry.cc(138)] alias ISO-8859-8-I maps to ISO-8859-8-I already, but someone is trying to make it map to ISO-8859-8
Tem 28, 2018 21:23:23.35 [1:1:0728/212323.356975:ERROR:text_encoding_registry.cc(138)] alias ISO-8859-8-I maps to ISO-8859-8-I already, but someone is trying to make it map to ISO-8859-8
Tem 28, 2018 21:24:30.89 [1:1:0728/212430.898072:ERROR:text_encoding_registry.cc(138)] alias ISO-8859-8-I maps to ISO-8859-8-I already, but someone is trying to make it map to ISO-8859-8
Tem 28, 2018 21:24:30.89 [1:1:0728/212430.899091:ERROR:text_encoding_registry.cc(138)] alias ISO-8859-8-I maps to ISO-8859-8-I already, but someone is trying to make it map to ISO-8859-8
Tem 28, 2018 21:28:04.24 [1:1:0728/212804.240171:ERROR:text_encoding_registry.cc(138)] alias ISO-8859-8-I maps to ISO-8859-8-I already, but someone is trying to make it map to ISO-8859-8
Tem 28, 2018 21:28:04.24 [1:1:0728/212804.241444:ERROR:text_encoding_registry.cc(138)] alias ISO-8859-8-I maps to ISO-8859-8-I already, but someone is trying to make it map to ISO-8859-8
Tem 28, 2018 21:28:23.59 [1:1:0728/212823.592390:ERROR:text_encoding_registry.cc(138)] alias ISO-8859-8-I maps to ISO-8859-8-I already, but someone is trying to make it map to ISO-8859-8
Tem 28, 2018 21:28:23.59 [1:1:0728/212823.593710:ERROR:text_encoding_registry.cc(138)] alias ISO-8859-8-I maps to ISO-8859-8-I already, but someone is trying to make it map to ISO-8859-8
Tem 28, 2018 21:28:52.49 [1:1:0728/212852.494557:ERROR:text_encoding_registry.cc(138)] alias ISO-8859-8-I maps to ISO-8859-8-I already, but someone is trying to make it map to ISO-8859-8
Tem 28, 2018 21:28:52.49 [1:1:0728/212852.494682:ERROR:text_encoding_registry.cc(138)] alias ISO-8859-8-I maps to ISO-8859-8-I already, but someone is trying to make it map to ISO-8859-8
Tem 28, 2018 21:28:55.45 [1:1:0728/212855.450120:ERROR:text_encoding_registry.cc(138)] alias ISO-8859-8-I maps to ISO-8859-8-I already, but someone is trying to make it map to ISO-8859-8
Tem 28, 2018 21:29:42.48 [1:1:0728/212942.486172:ERROR:text_encoding_registry.cc(138)] alias ISO-8859-8-I maps to ISO-8859-8-I already, but someone is trying to make it map to ISO-8859-8
Tem 28, 2018 21:29:42.49 [1:1:0728/212942.491431:ERROR:text_encoding_registry.cc(138)] alias ISO-8859-8-I maps to ISO-8859-8-I already, but someone is trying to make it map to ISO-8859-8
Tem 28, 2018 21:30:04.46 [1:1:0728/213004.469681:ERROR:text_encoding_registry.cc(138)] alias ISO-8859-8-I maps to ISO-8859-8-I already, but someone is trying to make it map to ISO-8859-8
Tem 28, 2018 21:30:04.47 [1:1:0728/213004.473472:ERROR:text_encoding_registry.cc(138)] alias ISO-8859-8-I maps to ISO-8859-8-I already, but someone is trying to make it map to ISO-8859-8
Tem 28, 2018 21:30:45.61 [1:1:0728/213045.614234:ERROR:text_encoding_registry.cc(138)] alias ISO-8859-8-I maps to ISO-8859-8-I already, but someone is trying to make it map to ISO-8859-8
Tem 28, 2018 21:30:45.62 [1:1:0728/213045.621511:ERROR:text_encoding_registry.cc(138)] alias ISO-8859-8-I maps to ISO-8859-8-I already, but someone is trying to make it map to ISO-8859-8
Tem 28, 2018 21:31:00.82 [1:1:0728/213100.822218:ERROR:text_encoding_registry.cc(138)] alias ISO-8859-8-I maps to ISO-8859-8-I already, but someone is trying to make it map to ISO-8859-8
Tem 28, 2018 21:31:00.82 [1:1:0728/213100.829442:ERROR:text_encoding_registry.cc(138)] alias ISO-8859-8-I maps to ISO-8859-8-I already, but someone is trying to make it map to ISO-8859-8
Tem 28, 2018 21:31:17.89 [1:1:0728/213117.895463:ERROR:text_encoding_registry.cc(138)] alias ISO-8859-8-I maps to ISO-8859-8-I already, but someone is trying to make it map to ISO-8859-8
Tem 28, 2018 21:31:17.89 [1:1:0728/213117.898802:ERROR:text_encoding_registry.cc(138)] alias ISO-8859-8-I maps to ISO-8859-8-I already, but someone is trying to make it map to ISO-8859-8
Tem 28, 2018 21:31:55.63 [1:1:0728/213155.632145:ERROR:text_encoding_registry.cc(138)] alias ISO-8859-8-I maps to ISO-8859-8-I already, but someone is trying to make it map to ISO-8859-8
Tem 28, 2018 21:31:55.63 [1:1:0728/213155.632509:ERROR:text_encoding_registry.cc(138)] alias ISO-8859-8-I maps to ISO-8859-8-I already, but someone is trying to make it map to ISO-8859-8
Tem 28, 2018 21:32:28.75 [1:1:0728/213228.754214:ERROR:text_encoding_registry.cc(138)] alias ISO-8859-8-I maps to ISO-8859-8-I already, but someone is trying to make it map to ISO-8859-8
Tem 28, 2018 21:32:28.76 [1:1:0728/213228.761224:ERROR:text_encoding_registry.cc(138)] alias ISO-8859-8-I maps to ISO-8859-8-I already, but someone is trying to make it map to ISO-8859-8
Tem 28, 2018 21:32:51.23 [1:1:0728/213251.238499:ERROR:text_encoding_registry.cc(138)] alias ISO-8859-8-I maps to ISO-8859-8-I already, but someone is trying to make it map to ISO-8859-8
Tem 28, 2018 21:32:51.24 [1:1:0728/213251.240217:ERROR:text_encoding_registry.cc(138)] alias ISO-8859-8-I maps to ISO-8859-8-I already, but someone is trying to make it map to ISO-8859-8
Tem 28, 2018 21:32:55.70 [1:1:0728/213255.707709:ERROR:text_encoding_registry.cc(138)] alias ISO-8859-8-I maps to ISO-8859-8-I already, but someone is trying to make it map to ISO-8859-8
Tem 28, 2018 21:33:27.25 [1:1:0728/213327.252900:ERROR:text_encoding_registry.cc(138)] alias ISO-8859-8-I maps to ISO-8859-8-I already, but someone is trying to make it map to ISO-8859-8
Tem 28, 2018 21:33:27.25 [1:1:0728/213327.259515:ERROR:text_encoding_registry.cc(138)] alias ISO-8859-8-I maps to ISO-8859-8-I already, but someone is trying to make it map to ISO-8859-8
Tem 28, 2018 21:34:26.60 [1:1:0728/213426.602900:ERROR:text_encoding_registry.cc(138)] alias ISO-8859-8-I maps to ISO-8859-8-I already, but someone is trying to make it map to ISO-8859-8
Tem 28, 2018 21:34:26.60 [1:1:0728/213426.604381:ERROR:text_encoding_registry.cc(138)] alias ISO-8859-8-I maps to ISO-8859-8-I already, but someone is trying to make it map to ISO-8859-8
Tem 28, 2018 21:34:36.66 [9888:10180:0728/213436.661937:ERROR:get_updates_processor.cc(243)] PostClientToServerMessage() failed during GetUpdates
Tem 28, 2018 21:37:41.55 [1:1:0728/213741.557804:ERROR:text_encoding_registry.cc(138)] alias ISO-8859-8-I maps to ISO-8859-8-I already, but someone is trying to make it map to ISO-8859-8
Tem 28, 2018 21:37:41.56 [1:1:0728/213741.560444:ERROR:text_encoding_registry.cc(138)] alias ISO-8859-8-I maps to ISO-8859-8-I already, but someone is trying to make it map to ISO-8859-8
Tem 28, 2018 21:37:42.70 [1:1:0728/213742.708240:ERROR:text_encoding_registry.cc(138)] alias ISO-8859-8-I maps to ISO-8859-8-I already, but someone is trying to make it map to ISO-8859-8
Tem 28, 2018 21:37:46.74 [1:1:0728/213746.747586:ERROR:text_encoding_registry.cc(138)] alias ISO-8859-8-I maps to ISO-8859-8-I already, but someone is trying to make it map to ISO-8859-8
Tem 28, 2018 21:37:46.76 [1:1:0728/213746.769668:ERROR:text_encoding_registry.cc(138)] alias ISO-8859-8-I maps to ISO-8859-8-I already, but someone is trying to make it map to ISO-8859-8
Tem 28, 2018 21:37:58.25 [1:1:0728/213758.259411:ERROR:text_encoding_registry.cc(138)] alias ISO-8859-8-I maps to ISO-8859-8-I already, but someone is trying to make it map to ISO-8859-8
Tem 28, 2018 21:37:58.26 [1:1:0728/213758.260436:ERROR:text_encoding_registry.cc(138)] alias ISO-8859-8-I maps to ISO-8859-8-I already, but someone is trying to make it map to ISO-8859-8
Tem 28, 2018 21:38:18.13 [1:1:0728/213818.131544:ERROR:text_encoding_registry.cc(138)] alias ISO-8859-8-I maps to ISO-8859-8-I already, but someone is trying to make it map to ISO-8859-8
Tem 28, 2018 21:38:18.13 [1:1:0728/213818.135609:ERROR:text_encoding_registry.cc(138)] alias ISO-8859-8-I maps to ISO-8859-8-I already, but someone is trying to make it map to ISO-8859-8
Tem 28, 2018 21:39:28.25 [1:1:0728/213928.254956:ERROR:text_encoding_registry.cc(138)] alias ISO-8859-8-I maps to ISO-8859-8-I already, but someone is trying to make it map to ISO-8859-8
Tem 28, 2018 21:39:28.25 [1:1:0728/213928.257548:ERROR:text_encoding_registry.cc(138)] alias ISO-8859-8-I maps to ISO-8859-8-I already, but someone is trying to make it map to ISO-8859-8
Tem 28, 2018 21:40:05.27 [1:1:0728/214005.270159:ERROR:text_encoding_registry.cc(138)] alias ISO-8859-8-I maps to ISO-8859-8-I already, but someone is trying to make it map to ISO-8859-8
Tem 28, 2018 21:40:05.28 [1:1:0728/214005.280404:ERROR:text_encoding_registry.cc(138)] alias ISO-8859-8-I maps to ISO-8859-8-I already, but someone is trying to make it map to ISO-8859-8
Tem 28, 2018 22:37:21.34 [1:1:0728/223721.340100:ERROR:text_encoding_registry.cc(138)] alias ISO-8859-8-I maps to ISO-8859-8-I already, but someone is trying to make it map to ISO-8859-8
Tem 28, 2018 22:37:21.34 [1:1:0728/223721.345775:ERROR:text_encoding_registry.cc(138)] alias ISO-8859-8-I maps to ISO-8859-8-I already, but someone is trying to make it map to ISO-8859-8
Tem 28, 2018 23:38:11.04 [1:1:0728/233811.048889:ERROR:text_encoding_registry.cc(138)] alias ISO-8859-8-I maps to ISO-8859-8-I already, but someone is trying to make it map to ISO-8859-8
Tem 28, 2018 23:38:11.05 [1:1:0728/233811.053202:ERROR:text_encoding_registry.cc(138)] alias ISO-8859-8-I maps to ISO-8859-8-I already, but someone is trying to make it map to ISO-8859-8
Tem 28, 2018 23:38:21.25 [1:1:0728/233821.258782:ERROR:text_encoding_registry.cc(138)] alias ISO-8859-8-I maps to ISO-8859-8-I already, but someone is trying to make it map to ISO-8859-8
Tem 28, 2018 23:38:21.26 [1:1:0728/233821.263646:ERROR:text_encoding_registry.cc(138)] alias ISO-8859-8-I maps to ISO-8859-8-I already, but someone is trying to make it map to ISO-8859-8
Tem 28, 2018 23:41:07.42 [1:1:0728/234107.422429:ERROR:text_encoding_registry.cc(138)] alias ISO-8859-8-I maps to ISO-8859-8-I already, but someone is trying to make it map to ISO-8859-8
Tem 28, 2018 23:41:07.42 [1:1:0728/234107.423500:ERROR:text_encoding_registry.cc(138)] alias ISO-8859-8-I maps to ISO-8859-8-I already, but someone is trying to make it map to ISO-8859-8
Tem 28, 2018 23:41:35.38 [1:1:0728/234135.383319:ERROR:text_encoding_registry.cc(138)] alias ISO-8859-8-I maps to ISO-8859-8-I already, but someone is trying to make it map to ISO-8859-8
Tem 28, 2018 23:41:35.38 [1:1:0728/234135.389181:ERROR:text_encoding_registry.cc(138)] alias ISO-8859-8-I maps to ISO-8859-8-I already, but someone is trying to make it map to ISO-8859-8
Tem 28, 2018 23:42:32.15 [1:1:0728/234232.158861:ERROR:text_encoding_registry.cc(138)] alias ISO-8859-8-I maps to ISO-8859-8-I already, but someone is trying to make it map to ISO-8859-8
Tem 28, 2018 23:42:32.16 [1:1:0728/234232.165842:ERROR:text_encoding_registry.cc(138)] alias ISO-8859-8-I maps to ISO-8859-8-I already, but someone is trying to make it map to ISO-8859-8
Tem 29, 2018 24:15:00.91 [1:1:0729/001500.913136:ERROR:text_encoding_registry.cc(138)] alias ISO-8859-8-I maps to ISO-8859-8-I already, but someone is trying to make it map to ISO-8859-8
Tem 29, 2018 24:15:00.91 [1:1:0729/001500.915910:ERROR:text_encoding_registry.cc(138)] alias ISO-8859-8-I maps to ISO-8859-8-I already, but someone is trying to make it map to ISO-8859-8
Tem 29, 2018 24:46:56.74 [1:1:0729/004656.742234:ERROR:text_encoding_registry.cc(138)] alias ISO-8859-8-I maps to ISO-8859-8-I already, but someone is trying to make it map to ISO-8859-8
Tem 29, 2018 24:46:56.74 [1:1:0729/004656.745970:ERROR:text_encoding_registry.cc(138)] alias ISO-8859-8-I maps to ISO-8859-8-I already, but someone is trying to make it map to ISO-8859-8
Tem 29, 2018 24:47:17.82 [1:1:0729/004717.823842:ERROR:text_encoding_registry.cc(138)] alias ISO-8859-8-I maps to ISO-8859-8-I already, but someone is trying to make it map to ISO-8859-8
Tem 29, 2018 24:47:17.82 [1:1:0729/004717.826937:ERROR:text_encoding_registry.cc(138)] alias ISO-8859-8-I maps to ISO-8859-8-I already, but someone is trying to make it map to ISO-8859-8
Tem 29, 2018 24:47:27.89 [1:1:0729/004727.894399:ERROR:text_encoding_registry.cc(138)] alias ISO-8859-8-I maps to ISO-8859-8-I already, but someone is trying to make it map to ISO-8859-8
Tem 29, 2018 24:47:27.93 [1:1:0729/004727.932361:ERROR:text_encoding_registry.cc(138)] alias ISO-8859-8-I maps to ISO-8859-8-I already, but someone is trying to make it map to ISO-8859-8
Tem 29, 2018 24:53:05.40 [1:1:0729/005305.406618:ERROR:text_encoding_registry.cc(138)] alias ISO-8859-8-I maps to ISO-8859-8-I already, but someone is trying to make it map to ISO-8859-8
Tem 29, 2018 24:53:05.41 [1:1:0729/005305.417530:ERROR:text_encoding_registry.cc(138)] alias ISO-8859-8-I maps to ISO-8859-8-I already, but someone is trying to make it map to ISO-8859-8
Tem 29, 2018 24:53:19.75 [1:1:0729/005319.757163:ERROR:text_encoding_registry.cc(138)] alias ISO-8859-8-I maps to ISO-8859-8-I already, but someone is trying to make it map to ISO-8859-8
Tem 29, 2018 24:53:19.76 [1:1:0729/005319.763518:ERROR:text_encoding_registry.cc(138)] alias ISO-8859-8-I maps to ISO-8859-8-I already, but someone is trying to make it map to ISO-8859-8
Tem 29, 2018 24:53:55.26 [20557:20557:0729/005355.264757:ERROR:in_progress_cache_impl.cc(188)] Cache is not initialized, cannot RetrieveEntry.
Tem 29, 2018 24:53:55.32 [1:1:0729/005355.320553:ERROR:text_encoding_registry.cc(138)] alias ISO-8859-8-I maps to ISO-8859-8-I already, but someone is trying to make it map to ISO-8859-8
Tem 29, 2018 24:53:55.33 [1:1:0729/005355.338371:ERROR:text_encoding_registry.cc(138)] alias ISO-8859-8-I maps to ISO-8859-8-I already, but someone is trying to make it map to ISO-8859-8
Tem 29, 2018 24:54:29.43 [1:1:0729/005429.428792:ERROR:text_encoding_registry.cc(138)] alias ISO-8859-8-I maps to ISO-8859-8-I already, but someone is trying to make it map to ISO-8859-8
Tem 29, 2018 24:54:29.54 Mevcut tarayıcı oturumunda yeni pencere oluşturuldu.
Tem 29, 2018 24:54:34.87 [1:1:0729/005434.875100:ERROR:text_encoding_registry.cc(138)] alias ISO-8859-8-I maps to ISO-8859-8-I already, but someone is trying to make it map to ISO-8859-8
Tem 29, 2018 24:54:34.88 [1:1:0729/005434.882448:ERROR:text_encoding_registry.cc(138)] alias ISO-8859-8-I maps to ISO-8859-8-I already, but someone is trying to make it map to ISO-8859-8
Tem 29, 2018 24:54:55.15 [1:1:0729/005455.157692:ERROR:text_encoding_registry.cc(138)] alias ISO-8859-8-I maps to ISO-8859-8-I already, but someone is trying to make it map to ISO-8859-8
Tem 29, 2018 24:54:55.16 [1:1:0729/005455.165024:ERROR:text_encoding_registry.cc(138)] alias ISO-8859-8-I maps to ISO-8859-8-I already, but someone is trying to make it map to ISO-8859-8
Tem 29, 2018 24:55:37.15 [1:1:0729/005537.156490:ERROR:text_encoding_registry.cc(138)] alias ISO-8859-8-I maps to ISO-8859-8-I already, but someone is trying to make it map to ISO-8859-8
Tem 29, 2018 24:55:37.31 Mevcut tarayıcı oturumunda yeni pencere oluşturuldu.
Tem 29, 2018 24:55:43.66 [1:1:0729/005543.667008:ERROR:text_encoding_registry.cc(138)] alias ISO-8859-8-I maps to ISO-8859-8-I already, but someone is trying to make it map to ISO-8859-8
Tem 29, 2018 24:55:43.67 [1:1:0729/005543.675653:ERROR:text_encoding_registry.cc(138)] alias ISO-8859-8-I maps to ISO-8859-8-I already, but someone is trying to make it map to ISO-8859-8
Tem 29, 2018 24:56:50.93 [1:1:0729/005650.929855:ERROR:text_encoding_registry.cc(138)] alias ISO-8859-8-I maps to ISO-8859-8-I already, but someone is trying to make it map to ISO-8859-8
Tem 29, 2018 24:56:50.93 [1:1:0729/005650.934042:ERROR:text_encoding_registry.cc(138)] alias ISO-8859-8-I maps to ISO-8859-8-I already, but someone is trying to make it map to ISO-8859-8
Tem 29, 2018 24:57:29.32 [1:1:0729/005729.324050:ERROR:text_encoding_registry.cc(138)] alias ISO-8859-8-I maps to ISO-8859-8-I already, but someone is trying to make it map to ISO-8859-8
Tem 29, 2018 24:57:29.32 [1:1:0729/005729.324050:ERROR:text_encoding_registry.cc(138)] alias ISO-8859-8-I maps to ISO-8859-8-I already, but someone is trying to make it map to ISO-8859-8
Tem 29, 2018 24:58:07.57 [1:1:0729/005807.570009:ERROR:text_encoding_registry.cc(138)] alias ISO-8859-8-I maps to ISO-8859-8-I already, but someone is trying to make it map to ISO-8859-8
Tem 29, 2018 24:58:07.57 [1:1:0729/005807.575487:ERROR:text_encoding_registry.cc(138)] alias ISO-8859-8-I maps to ISO-8859-8-I already, but someone is trying to make it map to ISO-8859-8
Tem 29, 2018 24:59:27.42 [23095:23095:0729/005927.428714:ERROR:in_progress_cache_impl.cc(188)] Cache is not initialized, cannot RetrieveEntry.
Tem 29, 2018 24:59:27.47 [1:1:0729/005927.472983:ERROR:text_encoding_registry.cc(138)] alias ISO-8859-8-I maps to ISO-8859-8-I already, but someone is trying to make it map to ISO-8859-8
Tem 29, 2018 24:59:27.48 [1:1:0729/005927.482194:ERROR:text_encoding_registry.cc(138)] alias ISO-8859-8-I maps to ISO-8859-8-I already, but someone is trying to make it map to ISO-8859-8
Tem 29, 2018 24:59:51.11 [1:1:0729/005951.113922:ERROR:text_encoding_registry.cc(138)] alias ISO-8859-8-I maps to ISO-8859-8-I already, but someone is trying to make it map to ISO-8859-8
Tem 29, 2018 24:59:51.12 [1:1:0729/005951.121657:ERROR:text_encoding_registry.cc(138)] alias ISO-8859-8-I maps to ISO-8859-8-I already, but someone is trying to make it map to ISO-8859-8
Tem 29, 2018 01:00:37.85 [1:1:0729/010037.856530:ERROR:text_encoding_registry.cc(138)] alias ISO-8859-8-I maps to ISO-8859-8-I already, but someone is trying to make it map to ISO-8859-8
Tem 29, 2018 01:00:37.86 [1:1:0729/010037.863570:ERROR:text_encoding_registry.cc(138)] alias ISO-8859-8-I maps to ISO-8859-8-I already, but someone is trying to make it map to ISO-8859-8
Tem 29, 2018 01:01:02.76 [1:1:0729/010102.760827:ERROR:text_encoding_registry.cc(138)] alias ISO-8859-8-I maps to ISO-8859-8-I already, but someone is trying to make it map to ISO-8859-8
Tem 29, 2018 01:01:02.76 [1:1:0729/010102.766020:ERROR:text_encoding_registry.cc(138)] alias ISO-8859-8-I maps to ISO-8859-8-I already, but someone is trying to make it map to ISO-8859-8
Tem 29, 2018 01:01:43.82 [1:1:0729/010143.818682:ERROR:text_encoding_registry.cc(138)] alias ISO-8859-8-I maps to ISO-8859-8-I already, but someone is trying to make it map to ISO-8859-8
Tem 29, 2018 01:01:43.82 [1:1:0729/010143.822301:ERROR:text_encoding_registry.cc(138)] alias ISO-8859-8-I maps to ISO-8859-8-I already, but someone is trying to make it map to ISO-8859-8
Tem 29, 2018 01:02:02.07 [1:1:0729/010202.075647:ERROR:text_encoding_registry.cc(138)] alias ISO-8859-8-I maps to ISO-8859-8-I already, but someone is trying to make it map to ISO-8859-8
Tem 29, 2018 01:02:02.08 [1:1:0729/010202.081884:ERROR:text_encoding_registry.cc(138)] alias ISO-8859-8-I maps to ISO-8859-8-I already, but someone is trying to make it map to ISO-8859-8
Tem 29, 2018 01:04:18.74 [1:1:0729/010418.746203:ERROR:text_encoding_registry.cc(138)] alias ISO-8859-8-I maps to ISO-8859-8-I already, but someone is trying to make it map to ISO-8859-8
Tem 29, 2018 01:04:18.74 [1:1:0729/010418.747141:ERROR:text_encoding_registry.cc(138)] alias ISO-8859-8-I maps to ISO-8859-8-I already, but someone is trying to make it map to ISO-8859-8
Tem 29, 2018 01:04:47.10 [1:1:0729/010447.101208:ERROR:text_encoding_registry.cc(138)] alias ISO-8859-8-I maps to ISO-8859-8-I already, but someone is trying to make it map to ISO-8859-8
Tem 29, 2018 01:04:47.10 [1:1:0729/010447.104055:ERROR:text_encoding_registry.cc(138)] alias ISO-8859-8-I maps to ISO-8859-8-I already, but someone is trying to make it map to ISO-8859-8
Tem 29, 2018 01:06:33.03 [1:1:0729/010633.030476:ERROR:text_encoding_registry.cc(138)] alias ISO-8859-8-I maps to ISO-8859-8-I already, but someone is trying to make it map to ISO-8859-8
Tem 29, 2018 01:06:33.03 [1:1:0729/010633.036397:ERROR:text_encoding_registry.cc(138)] alias ISO-8859-8-I maps to ISO-8859-8-I already, but someone is trying to make it map to ISO-8859-8
Tem 29, 2018 01:07:06.56 [1:1:0729/010706.564053:ERROR:text_encoding_registry.cc(138)] alias ISO-8859-8-I maps to ISO-8859-8-I already, but someone is trying to make it map to ISO-8859-8
Tem 29, 2018 01:07:06.56 [1:1:0729/010706.564212:ERROR:text_encoding_registry.cc(138)] alias ISO-8859-8-I maps to ISO-8859-8-I already, but someone is trying to make it map to ISO-8859-8
Tem 29, 2018 01:08:19.70 [1:1:0729/010819.708033:ERROR:text_encoding_registry.cc(138)] alias ISO-8859-8-I maps to ISO-8859-8-I already, but someone is trying to make it map to ISO-8859-8
Tem 29, 2018 01:08:19.71 [1:1:0729/010819.717000:ERROR:text_encoding_registry.cc(138)] alias ISO-8859-8-I maps to ISO-8859-8-I already, but someone is trying to make it map to ISO-8859-8
Tem 29, 2018 01:09:44.36 [1:1:0729/010944.364510:ERROR:text_encoding_registry.cc(138)] alias ISO-8859-8-I maps to ISO-8859-8-I already, but someone is trying to make it map to ISO-8859-8
Tem 29, 2018 01:09:44.36 [1:1:0729/010944.369662:ERROR:text_encoding_registry.cc(138)] alias ISO-8859-8-I maps to ISO-8859-8-I already, but someone is trying to make it map to ISO-8859-8
Tem 29, 2018 01:10:07.12 [1:1:0729/011007.127523:ERROR:text_encoding_registry.cc(138)] alias ISO-8859-8-I maps to ISO-8859-8-I already, but someone is trying to make it map to ISO-8859-8
Tem 29, 2018 01:10:07.13 [1:1:0729/011007.133850:ERROR:text_encoding_registry.cc(138)] alias ISO-8859-8-I maps to ISO-8859-8-I already, but someone is trying to make it map to ISO-8859-8
Tem 29, 2018 01:10:26.43 [1:1:0729/011026.432045:ERROR:text_encoding_registry.cc(138)] alias ISO-8859-8-I maps to ISO-8859-8-I already, but someone is trying to make it map to ISO-8859-8
Tem 29, 2018 01:10:26.43 [1:1:0729/011026.438321:ERROR:text_encoding_registry.cc(138)] alias ISO-8859-8-I maps to ISO-8859-8-I already, but someone is trying to make it map to ISO-8859-8
Tem 29, 2018 01:11:38.62 [1:1:0729/011138.627962:ERROR:text_encoding_registry.cc(138)] alias ISO-8859-8-I maps to ISO-8859-8-I already, but someone is trying to make it map to ISO-8859-8
Tem 29, 2018 01:11:38.63 [1:1:0729/011138.634177:ERROR:text_encoding_registry.cc(138)] alias ISO-8859-8-I maps to ISO-8859-8-I already, but someone is trying to make it map to ISO-8859-8
Tem 29, 2018 01:12:36.91 [1:1:0729/011236.913059:ERROR:text_encoding_registry.cc(138)] alias ISO-8859-8-I maps to ISO-8859-8-I already, but someone is trying to make it map to ISO-8859-8
Tem 29, 2018 01:12:36.91 [1:1:0729/011236.916910:ERROR:text_encoding_registry.cc(138)] alias ISO-8859-8-I maps to ISO-8859-8-I already, but someone is trying to make it map to ISO-8859-8
Tem 29, 2018 01:13:35.74 [1:1:0729/011335.745153:ERROR:text_encoding_registry.cc(138)] alias ISO-8859-8-I maps to ISO-8859-8-I already, but someone is trying to make it map to ISO-8859-8
Tem 29, 2018 01:13:35.74 [1:1:0729/011335.749692:ERROR:text_encoding_registry.cc(138)] alias ISO-8859-8-I maps to ISO-8859-8-I already, but someone is trying to make it map to ISO-8859-8
Tem 29, 2018 01:14:12.41 [1:1:0729/011412.413386:ERROR:text_encoding_registry.cc(138)] alias ISO-8859-8-I maps to ISO-8859-8-I already, but someone is trying to make it map to ISO-8859-8
Tem 29, 2018 01:14:12.42 [1:1:0729/011412.420069:ERROR:text_encoding_registry.cc(138)] alias ISO-8859-8-I maps to ISO-8859-8-I already, but someone is trying to make it map to ISO-8859-8
Tem 29, 2018 11:38:15.58 [3101:3101:0729/113815.585364:ERROR:in_progress_cache_impl.cc(188)] Cache is not initialized, cannot RetrieveEntry.
Tem 29, 2018 11:38:15.64 [1:1:0729/113815.644298:ERROR:text_encoding_registry.cc(138)] alias ISO-8859-8-I maps to ISO-8859-8-I already, but someone is trying to make it map to ISO-8859-8
Tem 29, 2018 11:38:15.64 [1:1:0729/113815.646785:ERROR:text_encoding_registry.cc(138)] alias ISO-8859-8-I maps to ISO-8859-8-I already, but someone is trying to make it map to ISO-8859-8
Tem 29, 2018 11:38:51.97 [1:1:0729/113851.979103:ERROR:text_encoding_registry.cc(138)] alias ISO-8859-8-I maps to ISO-8859-8-I already, but someone is trying to make it map to ISO-8859-8
Tem 29, 2018 11:38:51.98 [1:1:0729/113851.984384:ERROR:text_encoding_registry.cc(138)] alias ISO-8859-8-I maps to ISO-8859-8-I already, but someone is trying to make it map to ISO-8859-8
Tem 30, 2018 09:35:44.37 [1:1:0730/093544.374977:ERROR:text_encoding_registry.cc(138)] alias ISO-8859-8-I maps to ISO-8859-8-I already, but someone is trying to make it map to ISO-8859-8
Tem 30, 2018 09:35:44.37 [1:1:0730/093544.374977:ERROR:text_encoding_registry.cc(138)] alias ISO-8859-8-I maps to ISO-8859-8-I already, but someone is trying to make it map to ISO-8859-8
Tem 30, 2018 09:35:44.38 [22189:22289:0730/093544.386424:ERROR:cert_verify_proc_nss.cc(980)] CERT_PKIXVerifyCert for clientservices.googleapis.com failed err=-8179
Tem 30, 2018 09:35:44.53 [22189:22226:0730/093544.534612:ERROR:cert_verify_proc_nss.cc(980)] CERT_PKIXVerifyCert for www.googleapis.com failed err=-8179
Tem 30, 2018 09:35:45.10 [22189:22226:0730/093545.109258:ERROR:cert_verify_proc_nss.cc(980)] CERT_PKIXVerifyCert for accounts.google.com failed err=-8179
Tem 30, 2018 09:35:47.62 [22189:22189:0730/093547.623289:ERROR:account_info_fetcher.cc(58)] OnGetTokenFailure: Request canceled.
Tem 30, 2018 09:35:58.92 [22519:22554:0730/093558.920063:ERROR:cert_verify_proc_nss.cc(980)] CERT_PKIXVerifyCert for clientservices.googleapis.com failed err=-8179
Tem 30, 2018 09:35:58.96 [1:1:0730/093558.964040:ERROR:text_encoding_registry.cc(138)] alias ISO-8859-8-I maps to ISO-8859-8-I already, but someone is trying to make it map to ISO-8859-8
Tem 30, 2018 09:35:58.96 [1:1:0730/093558.967967:ERROR:text_encoding_registry.cc(138)] alias ISO-8859-8-I maps to ISO-8859-8-I already, but someone is trying to make it map to ISO-8859-8
Tem 30, 2018 09:35:59.12 [22519:22640:0730/093559.127827:ERROR:cert_verify_proc_nss.cc(980)] CERT_PKIXVerifyCert for www.googleapis.com failed err=-8179
Tem 30, 2018 09:35:59.50 [22519:22640:0730/093559.500205:ERROR:cert_verify_proc_nss.cc(980)] CERT_PKIXVerifyCert for accounts.google.com failed err=-8179
Tem 30, 2018 09:36:00.91 [22519:22640:0730/093600.916734:ERROR:cert_verify_proc_nss.cc(980)] CERT_PKIXVerifyCert for clients1.google.com failed err=-8179
Tem 30, 2018 09:36:08.48 [22519:22640:0730/093608.486065:ERROR:cert_verify_proc_nss.cc(980)] CERT_PKIXVerifyCert for ssl.gstatic.com failed err=-8179
Tem 30, 2018 09:36:09.37 [22519:22640:0730/093609.375851:ERROR:cert_verify_proc_nss.cc(980)] CERT_PKIXVerifyCert for www.google.com failed err=-8179
Tem 30, 2018 09:36:09.41 [22519:22552:0730/093609.418673:ERROR:cert_verify_proc_nss.cc(980)] CERT_PKIXVerifyCert for clients2.google.com failed err=-8179
Tem 30, 2018 09:36:13.35 [22519:22552:0730/093613.353527:ERROR:cert_verify_proc_nss.cc(980)] CERT_PKIXVerifyCert for clients4.google.com failed err=-8179
Tem 30, 2018 09:36:33.02 [22519:22519:0730/093633.026774:ERROR:account_tracker.cc(266)] OnGetTokenFailure: Request canceled.
Tem 30, 2018 09:38:31.43 [22832:22867:0730/093831.433408:ERROR:cert_verify_proc_nss.cc(980)] CERT_PKIXVerifyCert for clientservices.googleapis.com failed err=-8179
Tem 30, 2018 09:38:31.46 [1:1:0730/093831.468644:ERROR:text_encoding_registry.cc(138)] alias ISO-8859-8-I maps to ISO-8859-8-I already, but someone is trying to make it map to ISO-8859-8
Tem 30, 2018 09:38:31.47 [1:1:0730/093831.473542:ERROR:text_encoding_registry.cc(138)] alias ISO-8859-8-I maps to ISO-8859-8-I already, but someone is trying to make it map to ISO-8859-8
Tem 30, 2018 09:38:31.50 [22832:22964:0730/093831.509752:ERROR:cert_verify_proc_nss.cc(980)] CERT_PKIXVerifyCert for www.googleapis.com failed err=-8179
Tem 30, 2018 09:38:31.74 [22832:22964:0730/093831.747465:ERROR:cert_verify_proc_nss.cc(980)] CERT_PKIXVerifyCert for accounts.google.com failed err=-8179
Tem 30, 2018 09:38:42.45 [23080:23101:0730/093842.456230:ERROR:ssl_client_socket_impl.cc(1026)] handshake failed; returned -1, SSL error code 1, net_error -100
Tem 30, 2018 09:38:42.51 [1:1:0730/093842.518234:ERROR:text_encoding_registry.cc(138)] alias ISO-8859-8-I maps to ISO-8859-8-I already, but someone is trying to make it map to ISO-8859-8
Tem 30, 2018 09:38:42.51 [1:1:0730/093842.518671:ERROR:text_encoding_registry.cc(138)] alias ISO-8859-8-I maps to ISO-8859-8-I already, but someone is trying to make it map to ISO-8859-8
Tem 30, 2018 09:38:42.55 [23080:23113:0730/093842.558448:ERROR:cert_verify_proc_nss.cc(980)] CERT_PKIXVerifyCert for www.googleapis.com failed err=-8179
Tem 30, 2018 09:38:42.61 [23080:23113:0730/093842.610265:ERROR:cert_verify_proc_nss.cc(980)] CERT_PKIXVerifyCert for accounts.google.com failed err=-8179
Tem 30, 2018 09:38:42.68 [23080:23113:0730/093842.686513:ERROR:cert_verify_proc_nss.cc(980)] CERT_PKIXVerifyCert for clients1.google.com failed err=-8179
Tem 30, 2018 09:38:52.02 [23080:23113:0730/093852.025167:ERROR:cert_verify_proc_nss.cc(980)] CERT_PKIXVerifyCert for ssl.gstatic.com failed err=-8179
Tem 30, 2018 09:38:52.53 [23080:23114:0730/093852.533588:ERROR:cert_verify_proc_nss.cc(980)] CERT_PKIXVerifyCert for www.google.com failed err=-8179
Tem 30, 2018 09:38:52.56 [23080:23115:0730/093852.565436:ERROR:cert_verify_proc_nss.cc(980)] CERT_PKIXVerifyCert for clients2.google.com failed err=-8179
Tem 30, 2018 09:39:33.26 [23364:23398:0730/093933.265776:ERROR:cert_verify_proc_nss.cc(980)] CERT_PKIXVerifyCert for clientservices.googleapis.com failed err=-8179
Tem 30, 2018 09:39:33.30 [1:1:0730/093933.305252:ERROR:text_encoding_registry.cc(138)] alias ISO-8859-8-I maps to ISO-8859-8-I already, but someone is trying to make it map to ISO-8859-8
Tem 30, 2018 09:39:33.30 [1:1:0730/093933.308711:ERROR:text_encoding_registry.cc(138)] alias ISO-8859-8-I maps to ISO-8859-8-I already, but someone is trying to make it map to ISO-8859-8
Tem 30, 2018 09:39:33.33 [23364:23398:0730/093933.336172:ERROR:cert_verify_proc_nss.cc(980)] CERT_PKIXVerifyCert for www.googleapis.com failed err=-8179
Tem 30, 2018 09:39:33.59 [23364:23398:0730/093933.595396:ERROR:cert_verify_proc_nss.cc(980)] CERT_PKIXVerifyCert for accounts.google.com failed err=-8179
Tem 30, 2018 09:40:19.20 [23756:23792:0730/094019.203764:ERROR:cert_verify_proc_nss.cc(980)] CERT_PKIXVerifyCert for clientservices.googleapis.com failed err=-8179
Tem 30, 2018 09:40:19.24 [1:1:0730/094019.244666:ERROR:text_encoding_registry.cc(138)] alias ISO-8859-8-I maps to ISO-8859-8-I already, but someone is trying to make it map to ISO-8859-8
Tem 30, 2018 09:40:19.26 [1:1:0730/094019.257694:ERROR:text_encoding_registry.cc(138)] alias ISO-8859-8-I maps to ISO-8859-8-I already, but someone is trying to make it map to ISO-8859-8
Tem 30, 2018 09:40:19.27 [23756:23790:0730/094019.274316:ERROR:cert_verify_proc_nss.cc(980)] CERT_PKIXVerifyCert for www.googleapis.com failed err=-8179
Tem 30, 2018 09:40:19.57 [23756:23790:0730/094019.575285:ERROR:cert_verify_proc_nss.cc(980)] CERT_PKIXVerifyCert for accounts.google.com failed err=-8179
Tem 30, 2018 09:40:28.85 [23756:23792:0730/094028.856187:ERROR:cert_verify_proc_nss.cc(980)] CERT_PKIXVerifyCert for ssl.gstatic.com failed err=-8179
Tem 30, 2018 09:40:29.25 [23756:23790:0730/094029.255189:ERROR:cert_verify_proc_nss.cc(980)] CERT_PKIXVerifyCert for www.google.com failed err=-8179
Tem 30, 2018 09:40:29.28 [23756:23792:0730/094029.287944:ERROR:cert_verify_proc_nss.cc(980)] CERT_PKIXVerifyCert for clients2.google.com failed err=-8179
Tem 30, 2018 09:40:33.79 [23756:23792:0730/094033.794505:ERROR:cert_verify_proc_nss.cc(980)] CERT_PKIXVerifyCert for clients4.google.com failed err=-8179
Tem 30, 2018 09:41:16.89 [1:1:0730/094116.893450:ERROR:text_encoding_registry.cc(138)] alias ISO-8859-8-I maps to ISO-8859-8-I already, but someone is trying to make it map to ISO-8859-8
Tem 30, 2018 09:41:17.45 [1:1:0730/094117.453387:ERROR:text_encoding_registry.cc(138)] alias ISO-8859-8-I maps to ISO-8859-8-I already, but someone is trying to make it map to ISO-8859-8
Tem 30, 2018 09:41:21.40 [1:1:0730/094121.404341:ERROR:text_encoding_registry.cc(138)] alias ISO-8859-8-I maps to ISO-8859-8-I already, but someone is trying to make it map to ISO-8859-8
Tem 30, 2018 09:41:29.54 [1:1:0730/094129.543327:ERROR:text_encoding_registry.cc(138)] alias ISO-8859-8-I maps to ISO-8859-8-I already, but someone is trying to make it map to ISO-8859-8
Tem 30, 2018 09:41:34.60 [1:1:0730/094134.603687:ERROR:text_encoding_registry.cc(138)] alias ISO-8859-8-I maps to ISO-8859-8-I already, but someone is trying to make it map to ISO-8859-8
Tem 30, 2018 09:41:35.68 [1:1:0730/094135.687910:ERROR:text_encoding_registry.cc(138)] alias ISO-8859-8-I maps to ISO-8859-8-I already, but someone is trying to make it map to ISO-8859-8
Tem 30, 2018 09:41:36.27 [1:1:0730/094136.273935:ERROR:text_encoding_registry.cc(138)] alias ISO-8859-8-I maps to ISO-8859-8-I already, but someone is trying to make it map to ISO-8859-8
Tem 30, 2018 09:41:36.33 [1:1:0730/094136.334101:ERROR:text_encoding_registry.cc(138)] alias ISO-8859-8-I maps to ISO-8859-8-I already, but someone is trying to make it map to ISO-8859-8
Tem 30, 2018 09:41:37.05 [1:1:0730/094137.058064:ERROR:text_encoding_registry.cc(138)] alias ISO-8859-8-I maps to ISO-8859-8-I already, but someone is trying to make it map to ISO-8859-8
Tem 30, 2018 09:41:37.35 [1:1:0730/094137.356475:ERROR:text_encoding_registry.cc(138)] alias ISO-8859-8-I maps to ISO-8859-8-I already, but someone is trying to make it map to ISO-8859-8
Tem 30, 2018 09:41:39.56 [1:1:0730/094139.559481:ERROR:text_encoding_registry.cc(138)] alias ISO-8859-8-I maps to ISO-8859-8-I already, but someone is trying to make it map to ISO-8859-8
Tem 30, 2018 09:44:43.72 [1:1:0730/094443.727572:ERROR:text_encoding_registry.cc(138)] alias ISO-8859-8-I maps to ISO-8859-8-I already, but someone is trying to make it map to ISO-8859-8
Tem 30, 2018 09:46:26.92 [1:1:0730/094626.921340:ERROR:text_encoding_registry.cc(138)] alias ISO-8859-8-I maps to ISO-8859-8-I already, but someone is trying to make it map to ISO-8859-8
Tem 30, 2018 09:46:27.02 Mevcut tarayıcı oturumunda yeni pencere oluşturuldu.
Tem 30, 2018 09:47:49.68 [1:1:0730/094749.688601:ERROR:text_encoding_registry.cc(138)] alias ISO-8859-8-I maps to ISO-8859-8-I already, but someone is trying to make it map to ISO-8859-8
Tem 30, 2018 09:47:49.69 [1:1:0730/094749.694620:ERROR:text_encoding_registry.cc(138)] alias ISO-8859-8-I maps to ISO-8859-8-I already, but someone is trying to make it map to ISO-8859-8
Tem 30, 2018 09:48:29.79 [1:1:0730/094829.794777:ERROR:text_encoding_registry.cc(138)] alias ISO-8859-8-I maps to ISO-8859-8-I already, but someone is trying to make it map to ISO-8859-8
Tem 30, 2018 09:48:29.79 [1:1:0730/094829.796282:ERROR:text_encoding_registry.cc(138)] alias ISO-8859-8-I maps to ISO-8859-8-I already, but someone is trying to make it map to ISO-8859-8
Tem 30, 2018 09:48:46.26 [1:1:0730/094846.261400:ERROR:text_encoding_registry.cc(138)] alias ISO-8859-8-I maps to ISO-8859-8-I already, but someone is trying to make it map to ISO-8859-8
Tem 30, 2018 09:48:46.26 [1:1:0730/094846.267862:ERROR:text_encoding_registry.cc(138)] alias ISO-8859-8-I maps to ISO-8859-8-I already, but someone is trying to make it map to ISO-8859-8
Tem 30, 2018 09:48:59.28 [1:1:0730/094859.287432:ERROR:text_encoding_registry.cc(138)] alias ISO-8859-8-I maps to ISO-8859-8-I already, but someone is trying to make it map to ISO-8859-8
Tem 30, 2018 09:48:59.29 [1:1:0730/094859.297410:ERROR:text_encoding_registry.cc(138)] alias ISO-8859-8-I maps to ISO-8859-8-I already, but someone is trying to make it map to ISO-8859-8
Tem 30, 2018 10:32:27.37 [1:1:0730/103227.373694:ERROR:text_encoding_registry.cc(138)] alias ISO-8859-8-I maps to ISO-8859-8-I already, but someone is trying to make it map to ISO-8859-8
Tem 30, 2018 10:32:27.38 [1:1:0730/103227.382094:ERROR:text_encoding_registry.cc(138)] alias ISO-8859-8-I maps to ISO-8859-8-I already, but someone is trying to make it map to ISO-8859-8
Tem 30, 2018 10:40:55.21 [1:1:0730/104055.211906:ERROR:text_encoding_registry.cc(138)] alias ISO-8859-8-I maps to ISO-8859-8-I already, but someone is trying to make it map to ISO-8859-8
Tem 30, 2018 10:40:55.21 [1:1:0730/104055.217128:ERROR:text_encoding_registry.cc(138)] alias ISO-8859-8-I maps to ISO-8859-8-I already, but someone is trying to make it map to ISO-8859-8
Tem 30, 2018 10:41:20.61 [1:1:0730/104120.614679:ERROR:text_encoding_registry.cc(138)] alias ISO-8859-8-I maps to ISO-8859-8-I already, but someone is trying to make it map to ISO-8859-8
Tem 30, 2018 10:41:20.61 [1:1:0730/104120.617867:ERROR:text_encoding_registry.cc(138)] alias ISO-8859-8-I maps to ISO-8859-8-I already, but someone is trying to make it map to ISO-8859-8
Tem 30, 2018 10:42:26.99 [1:1:0730/104226.995611:ERROR:text_encoding_registry.cc(138)] alias ISO-8859-8-I maps to ISO-8859-8-I already, but someone is trying to make it map to ISO-8859-8
Tem 30, 2018 10:42:27.00 [1:1:0730/104227.000400:ERROR:text_encoding_registry.cc(138)] alias ISO-8859-8-I maps to ISO-8859-8-I already, but someone is trying to make it map to ISO-8859-8
Tem 30, 2018 10:42:37.34 [27801:27900:0730/104237.349440:ERROR:shared_change_processor.cc(71)] Autofill Profiles datatype error was encountered: Failed to connect to syncer.
Tem 30, 2018 10:42:37.34 [27801:27900:0730/104237.349498:ERROR:shared_change_processor.cc(71)] Autofill Wallet datatype error was encountered: Failed to connect to syncer.
Tem 30, 2018 10:42:37.34 [27801:27900:0730/104237.349534:ERROR:shared_change_processor.cc(71)] Autofill Wallet Metadata datatype error was encountered: Failed to connect to syncer.
Tem 30, 2018 10:43:04.34 [1:1:0730/104304.341355:ERROR:text_encoding_registry.cc(138)] alias ISO-8859-8-I maps to ISO-8859-8-I already, but someone is trying to make it map to ISO-8859-8
Tem 30, 2018 10:43:04.34 [1:1:0730/104304.345395:ERROR:text_encoding_registry.cc(138)] alias ISO-8859-8-I maps to ISO-8859-8-I already, but someone is trying to make it map to ISO-8859-8
Tem 30, 2018 10:44:11.81 [1:1:0730/104411.813212:ERROR:text_encoding_registry.cc(138)] alias ISO-8859-8-I maps to ISO-8859-8-I already, but someone is trying to make it map to ISO-8859-8
Tem 30, 2018 10:44:11.82 [1:1:0730/104411.820905:ERROR:text_encoding_registry.cc(138)] alias ISO-8859-8-I maps to ISO-8859-8-I already, but someone is trying to make it map to ISO-8859-8
Tem 30, 2018 10:48:01.61 [1:1:0730/104801.609848:ERROR:text_encoding_registry.cc(138)] alias ISO-8859-8-I maps to ISO-8859-8-I already, but someone is trying to make it map to ISO-8859-8
Tem 30, 2018 10:48:01.61 [1:1:0730/104801.616012:ERROR:text_encoding_registry.cc(138)] alias ISO-8859-8-I maps to ISO-8859-8-I already, but someone is trying to make it map to ISO-8859-8
Tem 30, 2018 10:49:29.64 [29309:29309:0730/104929.640394:ERROR:in_progress_cache_impl.cc(188)] Cache is not initialized, cannot RetrieveEntry.
Tem 30, 2018 10:49:29.68 [1:1:0730/104929.688472:ERROR:text_encoding_registry.cc(138)] alias ISO-8859-8-I maps to ISO-8859-8-I already, but someone is trying to make it map to ISO-8859-8
Tem 30, 2018 10:49:29.69 [1:1:0730/104929.692294:ERROR:text_encoding_registry.cc(138)] alias ISO-8859-8-I maps to ISO-8859-8-I already, but someone is trying to make it map to ISO-8859-8
Tem 30, 2018 10:50:07.11 [1:1:0730/105007.112445:ERROR:text_encoding_registry.cc(138)] alias ISO-8859-8-I maps to ISO-8859-8-I already, but someone is trying to make it map to ISO-8859-8
Tem 30, 2018 10:50:07.23 Mevcut tarayıcı oturumunda yeni pencere oluşturuldu.
Tem 30, 2018 10:52:56.09 [1:1:0730/105256.092589:ERROR:text_encoding_registry.cc(138)] alias ISO-8859-8-I maps to ISO-8859-8-I already, but someone is trying to make it map to ISO-8859-8
Tem 30, 2018 10:52:56.21 Mevcut tarayıcı oturumunda yeni pencere oluşturuldu.
Tem 30, 2018 10:53:20.13 [1:1:0730/105320.131964:ERROR:text_encoding_registry.cc(138)] alias ISO-8859-8-I maps to ISO-8859-8-I already, but someone is trying to make it map to ISO-8859-8
Tem 30, 2018 10:53:20.26 Mevcut tarayıcı oturumunda yeni pencere oluşturuldu.
Tem 30, 2018 11:04:49.14 [1:1:0730/110449.147867:ERROR:text_encoding_registry.cc(138)] alias ISO-8859-8-I maps to ISO-8859-8-I already, but someone is trying to make it map to ISO-8859-8
Tem 30, 2018 11:04:49.15 [1:1:0730/110449.151266:ERROR:text_encoding_registry.cc(138)] alias ISO-8859-8-I maps to ISO-8859-8-I already, but someone is trying to make it map to ISO-8859-8
Tem 30, 2018 11:13:44.53 [1:1:0730/111344.531550:ERROR:text_encoding_registry.cc(138)] alias ISO-8859-8-I maps to ISO-8859-8-I already, but someone is trying to make it map to ISO-8859-8
Tem 30, 2018 11:13:44.53 [1:1:0730/111344.533537:ERROR:text_encoding_registry.cc(138)] alias ISO-8859-8-I maps to ISO-8859-8-I already, but someone is trying to make it map to ISO-8859-8
Tem 30, 2018 11:18:32.70 [1:1:0730/111832.708350:ERROR:text_encoding_registry.cc(138)] alias ISO-8859-8-I maps to ISO-8859-8-I already, but someone is trying to make it map to ISO-8859-8
Tem 30, 2018 11:18:33.60 [1:1:0730/111833.607274:ERROR:text_encoding_registry.cc(138)] alias ISO-8859-8-I maps to ISO-8859-8-I already, but someone is trying to make it map to ISO-8859-8
Tem 30, 2018 11:18:36.79 [1:1:0730/111836.796152:ERROR:text_encoding_registry.cc(138)] alias ISO-8859-8-I maps to ISO-8859-8-I already, but someone is trying to make it map to ISO-8859-8
Tem 30, 2018 11:18:37.95 [1:1:0730/111837.958861:ERROR:text_encoding_registry.cc(138)] alias ISO-8859-8-I maps to ISO-8859-8-I already, but someone is trying to make it map to ISO-8859-8
Tem 30, 2018 11:18:40.83 [1:1:0730/111840.835818:ERROR:text_encoding_registry.cc(138)] alias ISO-8859-8-I maps to ISO-8859-8-I already, but someone is trying to make it map to ISO-8859-8
Tem 30, 2018 11:18:53.91 [1:1:0730/111853.914704:ERROR:text_encoding_registry.cc(138)] alias ISO-8859-8-I maps to ISO-8859-8-I already, but someone is trying to make it map to ISO-8859-8
Tem 30, 2018 11:18:55.01 [1:1:0730/111855.017611:ERROR:text_encoding_registry.cc(138)] alias ISO-8859-8-I maps to ISO-8859-8-I already, but someone is trying to make it map to ISO-8859-8
Tem 30, 2018 11:18:56.63 [1:1:0730/111856.638410:ERROR:text_encoding_registry.cc(138)] alias ISO-8859-8-I maps to ISO-8859-8-I already, but someone is trying to make it map to ISO-8859-8
Tem 30, 2018 11:21:11.16 [1:1:0730/112111.157931:ERROR:text_encoding_registry.cc(138)] alias ISO-8859-8-I maps to ISO-8859-8-I already, but someone is trying to make it map to ISO-8859-8
Tem 30, 2018 11:21:11.53 [1:1:0730/112111.538721:ERROR:text_encoding_registry.cc(138)] alias ISO-8859-8-I maps to ISO-8859-8-I already, but someone is trying to make it map to ISO-8859-8
Tem 30, 2018 11:21:17.94 [1:1:0730/112117.939006:ERROR:text_encoding_registry.cc(138)] alias ISO-8859-8-I maps to ISO-8859-8-I already, but someone is trying to make it map to ISO-8859-8
Tem 30, 2018 11:21:19.79 [1:1:0730/112119.794241:ERROR:text_encoding_registry.cc(138)] alias ISO-8859-8-I maps to ISO-8859-8-I already, but someone is trying to make it map to ISO-8859-8
Tem 30, 2018 11:21:23.73 [1:1:0730/112123.731722:ERROR:text_encoding_registry.cc(138)] alias ISO-8859-8-I maps to ISO-8859-8-I already, but someone is trying to make it map to ISO-8859-8
Tem 30, 2018 11:21:48.46 [1:1:0730/112148.466086:ERROR:text_encoding_registry.cc(138)] alias ISO-8859-8-I maps to ISO-8859-8-I already, but someone is trying to make it map to ISO-8859-8
Tem 30, 2018 11:21:49.79 [1:1:0730/112149.791276:ERROR:text_encoding_registry.cc(138)] alias ISO-8859-8-I maps to ISO-8859-8-I already, but someone is trying to make it map to ISO-8859-8
Tem 30, 2018 11:21:50.52 [30655:31250:0730/112150.522201:ERROR:cert_verify_proc_nss.cc(980)] CERT_PKIXVerifyCert for is.sitekodlari.com failed err=-8181
Tem 30, 2018 11:21:50.69 [1:1:0730/112150.693340:ERROR:text_encoding_registry.cc(138)] alias ISO-8859-8-I maps to ISO-8859-8-I already, but someone is trying to make it map to ISO-8859-8
Tem 30, 2018 11:21:50.79 [1:1:0730/112150.797199:ERROR:text_encoding_registry.cc(138)] alias ISO-8859-8-I maps to ISO-8859-8-I already, but someone is trying to make it map to ISO-8859-8
Tem 30, 2018 11:21:50.93 [1:1:0730/112150.929532:ERROR:text_encoding_registry.cc(138)] alias ISO-8859-8-I maps to ISO-8859-8-I already, but someone is trying to make it map to ISO-8859-8
Tem 30, 2018 11:21:51.43 [1:1:0730/112151.439165:ERROR:text_encoding_registry.cc(138)] alias ISO-8859-8-I maps to ISO-8859-8-I already, but someone is trying to make it map to ISO-8859-8
Tem 30, 2018 11:21:51.79 [1:1:0730/112151.799094:ERROR:text_encoding_registry.cc(138)] alias ISO-8859-8-I maps to ISO-8859-8-I already, but someone is trying to make it map to ISO-8859-8
Tem 30, 2018 11:21:56.35 [1:1:0730/112156.357073:ERROR:text_encoding_registry.cc(138)] alias ISO-8859-8-I maps to ISO-8859-8-I already, but someone is trying to make it map to ISO-8859-8
Tem 30, 2018 11:26:06.09 [1:1:0730/112606.092733:ERROR:text_encoding_registry.cc(138)] alias ISO-8859-8-I maps to ISO-8859-8-I already, but someone is trying to make it map to ISO-8859-8
Tem 30, 2018 11:26:06.21 Mevcut tarayıcı oturumunda yeni pencere oluşturuldu.
Tem 30, 2018 11:26:22.06 [1:1:0730/112622.069000:ERROR:text_encoding_registry.cc(138)] alias ISO-8859-8-I maps to ISO-8859-8-I already, but someone is trying to make it map to ISO-8859-8
Tem 30, 2018 11:26:22.07 [1:1:0730/112622.078999:ERROR:text_encoding_registry.cc(138)] alias ISO-8859-8-I maps to ISO-8859-8-I already, but someone is trying to make it map to ISO-8859-8
Tem 30, 2018 11:28:39.86 [1:1:0730/112839.869008:ERROR:text_encoding_registry.cc(138)] alias ISO-8859-8-I maps to ISO-8859-8-I already, but someone is trying to make it map to ISO-8859-8
Tem 30, 2018 11:28:39.87 [1:1:0730/112839.876362:ERROR:text_encoding_registry.cc(138)] alias ISO-8859-8-I maps to ISO-8859-8-I already, but someone is trying to make it map to ISO-8859-8
Tem 30, 2018 11:29:27.81 [1:1:0730/112927.810880:ERROR:text_encoding_registry.cc(138)] alias ISO-8859-8-I maps to ISO-8859-8-I already, but someone is trying to make it map to ISO-8859-8
Tem 30, 2018 11:29:27.81 [1:1:0730/112927.814391:ERROR:text_encoding_registry.cc(138)] alias ISO-8859-8-I maps to ISO-8859-8-I already, but someone is trying to make it map to ISO-8859-8
Tem 30, 2018 11:30:47.67 [1:1:0730/113047.673443:ERROR:text_encoding_registry.cc(138)] alias ISO-8859-8-I maps to ISO-8859-8-I already, but someone is trying to make it map to ISO-8859-8
Tem 30, 2018 11:30:47.68 [1:1:0730/113047.682921:ERROR:text_encoding_registry.cc(138)] alias ISO-8859-8-I maps to ISO-8859-8-I already, but someone is trying to make it map to ISO-8859-8
Tem 30, 2018 11:31:11.29 [1:1:0730/113111.298650:ERROR:text_encoding_registry.cc(138)] alias ISO-8859-8-I maps to ISO-8859-8-I already, but someone is trying to make it map to ISO-8859-8
Tem 30, 2018 11:31:11.31 [1:1:0730/113111.306612:ERROR:text_encoding_registry.cc(138)] alias ISO-8859-8-I maps to ISO-8859-8-I already, but someone is trying to make it map to ISO-8859-8
Tem 30, 2018 11:50:10.25 [1:1:0730/115010.255180:ERROR:text_encoding_registry.cc(138)] alias ISO-8859-8-I maps to ISO-8859-8-I already, but someone is trying to make it map to ISO-8859-8
Tem 30, 2018 11:50:10.27 [1:1:0730/115010.265523:ERROR:text_encoding_registry.cc(138)] alias ISO-8859-8-I maps to ISO-8859-8-I already, but someone is trying to make it map to ISO-8859-8
Tem 30, 2018 11:51:34.03 [1:1:0730/115134.030918:ERROR:text_encoding_registry.cc(138)] alias ISO-8859-8-I maps to ISO-8859-8-I already, but someone is trying to make it map to ISO-8859-8
Tem 30, 2018 11:51:34.03 [1:1:0730/115134.031710:ERROR:text_encoding_registry.cc(138)] alias ISO-8859-8-I maps to ISO-8859-8-I already, but someone is trying to make it map to ISO-8859-8
Tem 30, 2018 11:53:40.80 [1:1:0730/115340.803843:ERROR:text_encoding_registry.cc(138)] alias ISO-8859-8-I maps to ISO-8859-8-I already, but someone is trying to make it map to ISO-8859-8
Tem 30, 2018 11:53:40.80 [1:1:0730/115340.804561:ERROR:text_encoding_registry.cc(138)] alias ISO-8859-8-I maps to ISO-8859-8-I already, but someone is trying to make it map to ISO-8859-8
Tem 30, 2018 11:54:08.34 [3287:3287:0730/115408.342819:ERROR:in_progress_cache_impl.cc(188)] Cache is not initialized, cannot RetrieveEntry.
Tem 30, 2018 11:54:08.39 [1:1:0730/115408.390639:ERROR:text_encoding_registry.cc(138)] alias ISO-8859-8-I maps to ISO-8859-8-I already, but someone is trying to make it map to ISO-8859-8
Tem 30, 2018 11:54:08.39 [1:1:0730/115408.395428:ERROR:text_encoding_registry.cc(138)] alias ISO-8859-8-I maps to ISO-8859-8-I already, but someone is trying to make it map to ISO-8859-8
Tem 30, 2018 11:55:47.20 [3767:3788:0730/115547.203176:ERROR:connection_factory_impl.cc(403)] Failed to connect to MCS endpoint with error -106
Tem 30, 2018 11:55:47.35 [1:1:0730/115547.355163:ERROR:text_encoding_registry.cc(138)] alias ISO-8859-8-I maps to ISO-8859-8-I already, but someone is trying to make it map to ISO-8859-8
Tem 30, 2018 11:55:47.35 [1:1:0730/115547.356973:ERROR:text_encoding_registry.cc(138)] alias ISO-8859-8-I maps to ISO-8859-8-I already, but someone is trying to make it map to ISO-8859-8
Tem 30, 2018 11:56:11.84 [3767:3788:0730/115611.846525:ERROR:connection_factory_impl.cc(403)] Failed to connect to MCS endpoint with error -106
Tem 30, 2018 11:56:20.15 [3767:3767:0730/115620.149777:ERROR:account_tracker.cc(266)] OnGetTokenFailure: Connection failed (-106).
Tem 30, 2018 12:07:00.58 [4213:4234:0730/120700.585072:ERROR:connection_factory_impl.cc(403)] Failed to connect to MCS endpoint with error -106
Tem 30, 2018 12:07:00.74 [1:1:0730/120700.745087:ERROR:text_encoding_registry.cc(138)] alias ISO-8859-8-I maps to ISO-8859-8-I already, but someone is trying to make it map to ISO-8859-8
Tem 30, 2018 12:07:00.75 [1:1:0730/120700.752554:ERROR:text_encoding_registry.cc(138)] alias ISO-8859-8-I maps to ISO-8859-8-I already, but someone is trying to make it map to ISO-8859-8
Tem 30, 2018 12:07:11.65 [4551:4571:0730/120711.657631:ERROR:connection_factory_impl.cc(403)] Failed to connect to MCS endpoint with error -106
Tem 30, 2018 12:07:11.82 [1:1:0730/120711.818524:ERROR:text_encoding_registry.cc(138)] alias ISO-8859-8-I maps to ISO-8859-8-I already, but someone is trying to make it map to ISO-8859-8
Tem 30, 2018 12:07:11.82 [1:1:0730/120711.823454:ERROR:text_encoding_registry.cc(138)] alias ISO-8859-8-I maps to ISO-8859-8-I already, but someone is trying to make it map to ISO-8859-8
Tem 30, 2018 12:07:33.53 [4551:4571:0730/120733.530049:ERROR:connection_factory_impl.cc(403)] Failed to connect to MCS endpoint with error -106
Tem 30, 2018 12:07:46.34 [4551:4551:0730/120746.346901:ERROR:account_tracker.cc(266)] OnGetTokenFailure: Connection failed (-106).
Tem 30, 2018 12:08:24.92 [4551:4571:0730/120824.928065:ERROR:connection_factory_impl.cc(403)] Failed to connect to MCS endpoint with error -106
